INFO-FLOW: Workspace C:/Users/User/PYNQ-HLS/QIO/QIO/solution1 opened at Thu Jan 28 09:59:00 -0800 2021
Execute     config_clock -quiet -name default -period 10 -default=false 
INFO: [SYN 201-201] Setting up clock 'default' with a period of 10ns.
Execute     open_platform DefaultPlatform 
Execute     import_lib C:/Xilinx/Vivado/2020.1/common/technology/xilinx/zynq/zynq 
Execute       source C:/Xilinx/Vivado/2020.1/common/technology/xilinx/common/xilinx.lib 
Execute         source C:/Xilinx/Vivado/2020.1/common/technology/xilinx/interface/xilinx_interface.lib 
Execute           source C:/Xilinx/Vivado/2020.1/common/technology/xilinx/interface/plb46.lib 
Execute           source C:/Xilinx/Vivado/2020.1/common/technology/xilinx/interface/fsl.lib 
Execute           source C:/Xilinx/Vivado/2020.1/common/technology/xilinx/interface/axi4.lib 
Execute           source C:/Xilinx/Vivado/2020.1/common/technology/xilinx/interface/maxi.lib 
Execute           source C:/Xilinx/Vivado/2020.1/common/technology/xilinx/interface/saxilite.lib 
Execute         source C:/Xilinx/Vivado/2020.1/common/technology/xilinx/common/dsp48.lib 
Execute         source C:/Xilinx/Vivado/2020.1/common/technology/xilinx/ip/dds_compiler.lib 
Execute         source C:/Xilinx/Vivado/2020.1/common/technology/xilinx/ip/xfft.lib 
Execute         source C:/Xilinx/Vivado/2020.1/common/technology/xilinx/ip/xfir.lib 
Execute       source C:/Xilinx/Vivado/2020.1/common/technology/xilinx/common/xilinx.hlp 
Execute         source C:/Xilinx/Vivado/2020.1/common/technology/xilinx/common/target_info.tcl 
Execute         source C:/Xilinx/Vivado/2020.1/common/technology/xilinx/interface/xilinx_interface.hlp 
Execute           source C:/Xilinx/Vivado/2020.1/common/technology/xilinx/interface/maxi.hlp 
Execute           source C:/Xilinx/Vivado/2020.1/common/technology/xilinx/interface/saxilite.hlp 
Execute         source C:/Xilinx/Vivado/2020.1/common/technology/xilinx/common/dsp48.hlp 
Execute       source C:/Xilinx/Vivado/2020.1/common/technology/xilinx/zynq/dsp48e1.hlp 
Execute       source C:/Xilinx/Vivado/2020.1/common/technology/xilinx/common/xilinx.hlp 
Execute         source C:/Xilinx/Vivado/2020.1/common/technology/xilinx/common/target_info.tcl 
Execute         source C:/Xilinx/Vivado/2020.1/common/technology/xilinx/interface/xilinx_interface.hlp 
Execute           source C:/Xilinx/Vivado/2020.1/common/technology/xilinx/interface/maxi.hlp 
Execute           source C:/Xilinx/Vivado/2020.1/common/technology/xilinx/interface/saxilite.hlp 
Execute         source C:/Xilinx/Vivado/2020.1/common/technology/xilinx/common/dsp48.hlp 
Execute     source C:/Xilinx/Vivado/2020.1/common/technology/xilinx/zynq/zynq.gen 
Execute       source C:/Xilinx/Vivado/2020.1/common/technology/xilinx/common/xilinx.gen 
Execute         source C:/Xilinx/Vivado/2020.1/common/technology/xilinx/interface/plb46.gen 
Execute         source C:/Xilinx/Vivado/2020.1/common/technology/xilinx/interface/fsl.gen 
Execute         source C:/Xilinx/Vivado/2020.1/common/technology/xilinx/interface/axi4.gen 
Execute         source C:/Xilinx/Vivado/2020.1/common/technology/xilinx/interface/nativeAXI4.gen 
Execute           source C:/Xilinx/Vivado/2020.1/common/technology/xilinx/interface/saxilite.gen 
Execute           source C:/Xilinx/Vivado/2020.1/common/technology/xilinx/interface/maxi.gen 
Execute         source C:/Xilinx/Vivado/2020.1/common/technology/xilinx/scripts/xilinxcoregen.gen 
Execute         source C:/Xilinx/Vivado/2020.1/common/technology/xilinx/interface/XilEDKCoreGen.gen 
Execute         source C:/Xilinx/Vivado/2020.1/common/technology/xilinx/ip/dds_compiler.gen 
Execute         source C:/Xilinx/Vivado/2020.1/common/technology/xilinx/ip/util.gen 
Execute         source C:/Xilinx/Vivado/2020.1/common/technology/xilinx/ip/xfft.gen 
Execute         source C:/Xilinx/Vivado/2020.1/common/technology/xilinx/ip/xfir.gen 
Execute         source C:/Xilinx/Vivado/2020.1/common/technology/xilinx/common/dsp48.gen 
Command       ap_source done; 0.126 sec.
Command     ap_source done; 0.126 sec.
Execute     open_platform DefaultPlatform 
Execute     import_lib C:/Xilinx/Vivado/2020.1/common/technology/xilinx/zynq/zynq_fpv6 
Execute       source C:/Xilinx/Vivado/2020.1/common/technology/xilinx/common/xilinx_fp.lib 
Execute       source C:/Xilinx/Vivado/2020.1/common/technology/xilinx/common/xilinx_fp.hlp 
Execute         source C:/Xilinx/Vivado/2020.1/common/technology/xilinx/common/xilinx.hlp 
Execute           source C:/Xilinx/Vivado/2020.1/common/technology/xilinx/common/target_info.tcl 
Execute           source C:/Xilinx/Vivado/2020.1/common/technology/xilinx/interface/xilinx_interface.hlp 
Execute             source C:/Xilinx/Vivado/2020.1/common/technology/xilinx/interface/maxi.hlp 
Execute             source C:/Xilinx/Vivado/2020.1/common/technology/xilinx/interface/saxilite.hlp 
Execute           source C:/Xilinx/Vivado/2020.1/common/technology/xilinx/common/dsp48.hlp 
Execute     source C:/Xilinx/Vivado/2020.1/common/technology/xilinx/zynq/zynq_fpv6.gen 
Execute       source C:/Xilinx/Vivado/2020.1/common/technology/xilinx/common/xilinx_fp.gen 
Execute     set_part xc7z020-clg400-1 
Execute       ap_part_info -name xc7z020-clg400-1 -data single -quiet 
Command       ap_part_info done; 0.341 sec.
Execute       ap_part_info -name xc7z020-clg400-1 -data info 
Execute       add_library xilinx/zynq/zynq:xc7z020:-clg400:-1 
Execute         get_default_platform 
Execute         ap_part_info -data single -name xc7z020-clg400-1 
Execute         ap_part_info -name xc7z020-clg400-1 -data resources 
Execute         ap_part_info -name xc7z020-clg400-1 -data info 
Execute         ap_part_info -name xc7z020-clg400-1 -data info 
Execute         config_chip_info -quiet -resource {SLICE 13300} {LUT 53200} {FF 106400} {DSP48E 220} {BRAM 280} {URAM 0} 
Execute         ap_part_info -name xc7z020-clg400-1 -data info 
Execute         config_chip_info -quiet -speed slow 
Execute       add_library xilinx/zynq/zynq_fpv6 
Execute         get_default_platform 
INFO: [HLS 200-10] Setting target device to 'xc7z020-clg400-1'
Execute       ap_part_info -name xc7z020-clg400-1 -data info 
Execute       get_default_platform 
Command     set_part done; 0.44 sec.
Execute     ap_part_info -data single -name xc7z020-clg400-1 
Execute     ap_part_info -name xc7z020-clg400-1 -data resources 
Execute     ap_part_info -name xc7z020-clg400-1 -data info 
Execute     ap_part_info -name xc7z020-clg400-1 -data info 
Execute     config_chip_info -quiet -resource {SLICE 13300} {LUT 53200} {FF 106400} {DSP48E 220} {BRAM 280} {URAM 0} 
Execute     ap_part_info -name xc7z020-clg400-1 -data info 
Execute     config_chip_info -quiet -speed slow 
Command   open_solution done; 0.635 sec.
Execute   set_part xc7z020-clg400-1 
Execute     ap_part_info -name xc7z020-clg400-1 -data single -quiet 
Execute     ap_part_info -name xc7z020-clg400-1 -data info 
Execute     add_library xilinx/zynq/zynq:xc7z020:-clg400:-1 
Execute       get_default_platform 
Execute       ap_part_info -data single -name xc7z020-clg400-1 
Execute       ap_part_info -name xc7z020-clg400-1 -data resources 
Execute       ap_part_info -name xc7z020-clg400-1 -data info 
Execute       ap_part_info -name xc7z020-clg400-1 -data info 
Execute       config_chip_info -quiet -resource {SLICE 13300} {LUT 53200} {FF 106400} {DSP48E 220} {BRAM 280} {URAM 0} 
Execute       ap_part_info -name xc7z020-clg400-1 -data info 
Execute       config_chip_info -quiet -speed slow 
Execute     add_library xilinx/zynq/zynq_fpv6 
Execute       get_default_platform 
Execute     ap_part_info -name xc7z020-clg400-1 -data info 
Execute     get_default_platform 
Execute   create_clock -period 10 -name default 
Execute   csynth_design 
Execute     get_config_compile -dump_cfg 
Execute     get_config_compile -effort 
Execute     get_config_compile -enable_clang39 
Execute     get_config_compile -g 
Execute     get_config_compile -ng 
Execute     get_config_compile -opt_fp 
Execute     get_config_compile -skip_cdt 
Execute     get_config_compile -skip_syncheck 
Execute     get_config_compile -skip_transform 
Execute     get_config_compile -keep_printf 
Execute     elaborate -effort=medium -skip_syncheck=0 -keep_printf=0 -skip_cdt=0 -skip_transform=0 -ng=0 -g=0 -opt_fp=0 -from_csynth_design=1 
Execute       get_config_schedule -relax_ii_for_timing 
INFO: [SCHED 204-61] Option 'relax_ii_for_timing' is enabled, will increase II to preserve clock frequency constraints.
Execute       get_config_schedule -suppress_dependence_error_break 
INFO: [HLS 200-10] Analyzing design file 'QIO/QIO_accel.cpp' ... 
INFO-FLOW: Compiling one TU...
Execute       is_m_axi_addr64 
INFO-FLOW: Handling QIO/QIO_accel.cpp as C++
Execute       ap_part_info -name xc7z020-clg400-1 -data info 
Execute       is_encrypted QIO/QIO_accel.cpp 
Execute       ap_part_info -name xc7z020-clg400-1 -data info 
INFO-FLOW: Running: GCC PP
INFO-FLOW: Source preprocessing
Execute       clang  -fno-limit-debug-info -gcc-toolchain "C:/Xilinx/Vivado/2020.1/msys" -hls  -fno-exceptions  -D__llvm__  -E "QIO/QIO_accel.cpp"     -fno-math-errno -c -emit-llvm -O0  -mllvm -disable-llvm-optzns -fno-threadsafe-statics  -fno-use-cxa-atexit  -fno-threadsafe-statics -fno-use-cxa-atexit -D__CLANG_3_1__ -D__cdecl= -DAESL_SYN -D__SYNTHESIS__ -D__HLS_SYN__ -I "C:/Xilinx/Vivado/2020.1/common/technology/autopilot" -I "C:/Xilinx/Vivado/2020.1/common/technology/autopilot/ap_sysc" -include etc/autopilot_ssdm_op.h -D__DSP48E1__  -o "C:/Users/User/PYNQ-HLS/QIO/QIO/solution1/.autopilot/db/QIO_accel.pp.0.cpp" 
INFO-FLOW: exec C:/Xilinx/Vivado/2020.1/win64/tools/clang/bin/clang -fno-limit-debug-info -gcc-toolchain C:/Xilinx/Vivado/2020.1/msys -hls -fno-exceptions -D__llvm__ -E QIO/QIO_accel.cpp -fno-math-errno -c -emit-llvm -O0 -mllvm -disable-llvm-optzns -fno-threadsafe-statics -fno-use-cxa-atexit -fno-threadsafe-statics -fno-use-cxa-atexit -D__CLANG_3_1__ -D__cdecl= -DAESL_SYN -D__SYNTHESIS__ -D__HLS_SYN__ -I C:/Xilinx/Vivado/2020.1/common/technology/autopilot -I C:/Xilinx/Vivado/2020.1/common/technology/autopilot/ap_sysc -include etc/autopilot_ssdm_op.h -D__DSP48E1__ -o C:/Users/User/PYNQ-HLS/QIO/QIO/solution1/.autopilot/db/QIO_accel.pp.0.cpp
Command       clang done; 1.409 sec.
Execute       tidy_31 xilinx-xfmat-array-geometry C:/Users/User/PYNQ-HLS/QIO/QIO/solution1/.autopilot/db/QIO_accel.pp.0.cpp std=gnu++98 
INFO-FLOW: exec C:/Xilinx/Vivado/2020.1/win64/tools/clang-3.9-csynth/bin/tidy-3.1 -header-filter=.* -checks=-*,xilinx-xfmat-array-geometry -quiet -fix C:/Users/User/PYNQ-HLS/QIO/QIO/solution1/.autopilot/db/QIO_accel.pp.0.cpp -- -std=gnu++98 -fhls -ferror-limit=0
Command       tidy_31 done; 1.195 sec.
INFO-FLOW: Syntax Checking before pre-processing...
Execute       clang -syntaxcheck -src C:/Users/User/PYNQ-HLS/QIO/QIO/solution1/.autopilot/db/QIO_accel.pp.0.cpp  -fno-limit-debug-info -gcc-toolchain "C:/Xilinx/Vivado/2020.1/msys" -hls    -fno-math-errno -c -emit-llvm -O0  -mllvm -disable-llvm-optzns -fno-threadsafe-statics  -fno-use-cxa-atexit  -fno-threadsafe-statics -fno-use-cxa-atexit -D__CLANG_3_1__ -D__cdecl= -DAESL_SYN -D__SYNTHESIS__ -D__HLS_SYN__ -I "C:/Xilinx/Vivado/2020.1/common/technology/autopilot" -I "C:/Xilinx/Vivado/2020.1/common/technology/autopilot/ap_sysc" -include etc/autopilot_ssdm_op.h -D__DSP48E1__  "C:/Users/User/PYNQ-HLS/QIO/QIO/solution1/.autopilot/db/QIO_accel.pp.0.cpp"  -o "C:/Users/User/PYNQ-HLS/QIO/QIO/solution1/.autopilot/db/useless.bc"  
INFO-FLOW: exec C:/Xilinx/Vivado/2020.1/win64/tools/clang/bin/clang -fno-limit-debug-info -gcc-toolchain C:/Xilinx/Vivado/2020.1/msys -hls -fno-math-errno -c -emit-llvm -O0 -mllvm -disable-llvm-optzns -fno-threadsafe-statics -fno-use-cxa-atexit -fno-threadsafe-statics -fno-use-cxa-atexit -D__CLANG_3_1__ -D__cdecl= -DAESL_SYN -D__SYNTHESIS__ -D__HLS_SYN__ -I C:/Xilinx/Vivado/2020.1/common/technology/autopilot -I C:/Xilinx/Vivado/2020.1/common/technology/autopilot/ap_sysc -include etc/autopilot_ssdm_op.h -D__DSP48E1__ C:/Users/User/PYNQ-HLS/QIO/QIO/solution1/.autopilot/db/QIO_accel.pp.0.cpp -o C:/Users/User/PYNQ-HLS/QIO/QIO/solution1/.autopilot/db/useless.bc
Command       clang done; 3.194 sec.
INFO-FLOW: Done: GCC PP time: 5.8 seconds per iteration
Execute       source C:/Xilinx/Vivado/2020.1/tps/tcl/tcllib1.11.1/yaml/huddle.tcl 
Execute       source C:/Xilinx/Vivado/2020.1/tps/tcl/tcllib1.11.1/yaml/json2huddle.tcl 
Execute         source C:/Xilinx/Vivado/2020.1/tps/tcl/tcllib1.11.1/try/try.tcl 
Execute       list_core -type functional_unit 
Execute       tidy_31 xilinx-systemc-detector C:/Users/User/PYNQ-HLS/QIO/QIO/solution1/.autopilot/db/QIO_accel.pp.0.cpp std=gnu++98 -directive=C:/Users/User/PYNQ-HLS/QIO/QIO/solution1/.autopilot/db/.systemc_flag 
INFO-FLOW: exec C:/Xilinx/Vivado/2020.1/win64/tools/clang-3.9-csynth/bin/tidy-3.1 -header-filter=.* -checks=-*,xilinx-systemc-detector -import-directive=C:/Users/User/PYNQ-HLS/QIO/QIO/solution1/.autopilot/db/.systemc_flag -quiet -fix-errors C:/Users/User/PYNQ-HLS/QIO/QIO/solution1/.autopilot/db/QIO_accel.pp.0.cpp -- -std=gnu++98 -fhls -ferror-limit=0
Command       tidy_31 done; 0.838 sec.
INFO-FLOW: Running: tidy-3.1 CDT preprocess
Execute       tidy_31 xilinx-directive2pragma C:/Users/User/PYNQ-HLS/QIO/QIO/solution1/.autopilot/db/QIO_accel.pp.0.cpp std=gnu++98 -directive=C:/Users/User/PYNQ-HLS/QIO/QIO/solution1/.autopilot/db/all.directive.json 
INFO-FLOW: exec C:/Xilinx/Vivado/2020.1/win64/tools/clang-3.9-csynth/bin/tidy-3.1 -header-filter=.* -checks=-*,xilinx-directive2pragma -import-directive=C:/Users/User/PYNQ-HLS/QIO/QIO/solution1/.autopilot/db/all.directive.json -quiet -fix-errors C:/Users/User/PYNQ-HLS/QIO/QIO/solution1/.autopilot/db/QIO_accel.pp.0.cpp -- -std=gnu++98 -fhls -ferror-limit=0
Command       tidy_31 done; 0.823 sec.
Execute       get_config_dataflow -strict_mode 
Execute       ap_eval exec -ignorestderr C:/Xilinx/Vivado/2020.1/win64/tools/clang-3.9-csynth/bin/xilinx-dataflow-lawyer -export-fixes=C:/Users/User/PYNQ-HLS/QIO/QIO/solution1/.autopilot/db/xilinx-dataflow-lawyer.QIO_accel.pp.0.cpp.diag.yml C:/Users/User/PYNQ-HLS/QIO/QIO/solution1/.autopilot/db/QIO_accel.pp.0.cpp -- -std=gnu++98 -fhls -ferror-limit=0 -fstrict-dataflow > C:/Users/User/PYNQ-HLS/QIO/QIO/solution1/.autopilot/db/xilinx-dataflow-lawyer.QIO_accel.pp.0.cpp.out.log 2> C:/Users/User/PYNQ-HLS/QIO/QIO/solution1/.autopilot/db/xilinx-dataflow-lawyer.QIO_accel.pp.0.cpp.err.log 
Command       ap_eval done; 1.022 sec.
Execute       tidy_31 -errorcheck xilinx-constantarray-param,xilinx-resource-pragma-transformer,xilinx-xfmat-array-geometry C:/Users/User/PYNQ-HLS/QIO/QIO/solution1/.autopilot/db/QIO_accel.pp.0.cpp std=gnu++98 
Execute         ap_eval exec -ignorestderr C:/Xilinx/Vivado/2020.1/win64/tools/clang-3.9-csynth/bin/tidy-3.1 -export-fixes=C:/Users/User/PYNQ-HLS/QIO/QIO/solution1/.autopilot/db/tidy-3.1.QIO_accel.pp.0.cpp.diag.yml -header-filter=.* -checks=-*,xilinx-constantarray-param,xilinx-resource-pragma-transformer,xilinx-xfmat-array-geometry -quiet -fix-errors C:/Users/User/PYNQ-HLS/QIO/QIO/solution1/.autopilot/db/QIO_accel.pp.0.cpp -- -std=gnu++98 -fhls -ferror-limit=0 > C:/Users/User/PYNQ-HLS/QIO/QIO/solution1/.autopilot/db/tidy-3.1.QIO_accel.pp.0.cpp.out.log 2> C:/Users/User/PYNQ-HLS/QIO/QIO/solution1/.autopilot/db/tidy-3.1.QIO_accel.pp.0.cpp.err.log 
Command         ap_eval done; 1.653 sec.
Execute         source C:/Xilinx/Vivado/2020.1/tps/tcl/tcllib1.11.1/yaml/yaml.tcl 
Execute           source C:/Xilinx/Vivado/2020.1/tps/tcl/tcllib1.11.1/cmdline/cmdline.tcl 
Execute         ap_eval exec -ignorestderr C:/Xilinx/Vivado/2020.1/win64/tools/clang-3.9-csynth/bin/xilinx-legacy-rewriter C:/Users/User/PYNQ-HLS/QIO/QIO/solution1/.autopilot/db/QIO_accel.pp.0.cpp -- -std=gnu++98 -fhls -ferror-limit=0 > C:/Users/User/PYNQ-HLS/QIO/QIO/solution1/.autopilot/db/xilinx-legacy-rewriter.QIO_accel.pp.0.cpp.out.log 2> C:/Users/User/PYNQ-HLS/QIO/QIO/solution1/.autopilot/db/xilinx-legacy-rewriter.QIO_accel.pp.0.cpp.err.log 
Command         ap_eval done; 0.734 sec.
Command       tidy_31 done; 2.456 sec.
INFO-FLOW: Done: tidy-3.1 CDT preprocess time: 4.3 seconds per iteration
INFO-FLOW: Pragma Handling...
Execute       tidy_31 xilinx-ssdm-intrinsics-arguments C:/Users/User/PYNQ-HLS/QIO/QIO/solution1/.autopilot/db/QIO_accel.pragma.1.cpp std=gnu++98 
INFO-FLOW: exec C:/Xilinx/Vivado/2020.1/win64/tools/clang-3.9-csynth/bin/tidy-3.1 -header-filter=.* -checks=-*,xilinx-ssdm-intrinsics-arguments -quiet -fix-errors C:/Users/User/PYNQ-HLS/QIO/QIO/solution1/.autopilot/db/QIO_accel.pragma.1.cpp -- -std=gnu++98 -fhls -ferror-limit=0
Command       tidy_31 done; 1.601 sec.
Execute       ap_part_info -name xc7z020-clg400-1 -data info 
INFO-FLOW: Processing labels
Execute       clang -src C:/Users/User/PYNQ-HLS/QIO/QIO/solution1/.autopilot/db/QIO_accel.pragma.2.cpp  -fno-limit-debug-info -gcc-toolchain C:/Xilinx/Vivado/2020.1/msys -hls -hls-analyze-label -hls-analyze-pragma -fno-exceptions  -D__llvm__  -w  "C:/Users/User/PYNQ-HLS/QIO/QIO/solution1/.autopilot/db/QIO_accel.pragma.2.cpp"    -fno-math-errno -c -emit-llvm -O0  -mllvm -disable-llvm-optzns -fno-threadsafe-statics  -fno-use-cxa-atexit -DAESL_SYN -D__SYNTHESIS__ -D__HLS_SYN__ -I "C:/Xilinx/Vivado/2020.1/common/technology/autopilot" -I "C:/Xilinx/Vivado/2020.1/common/technology/autopilot/ap_sysc" -include etc/autopilot_ssdm_op.h -D__DSP48E1__ -g -o "C:/Users/User/PYNQ-HLS/QIO/QIO/solution1/.autopilot/db/QIO_accel.bc" 
INFO-FLOW: exec C:/Xilinx/Vivado/2020.1/win64/tools/clang/bin/clang -fno-limit-debug-info -gcc-toolchain C:/Xilinx/Vivado/2020.1/msys -hls -hls-analyze-label -hls-analyze-pragma -fno-exceptions -D__llvm__ -w C:/Users/User/PYNQ-HLS/QIO/QIO/solution1/.autopilot/db/QIO_accel.pragma.2.cpp -fno-math-errno -c -emit-llvm -O0 -mllvm -disable-llvm-optzns -fno-threadsafe-statics -fno-use-cxa-atexit -DAESL_SYN -D__SYNTHESIS__ -D__HLS_SYN__ -I C:/Xilinx/Vivado/2020.1/common/technology/autopilot -I C:/Xilinx/Vivado/2020.1/common/technology/autopilot/ap_sysc -include etc/autopilot_ssdm_op.h -D__DSP48E1__ -g -o C:/Users/User/PYNQ-HLS/QIO/QIO/solution1/.autopilot/db/QIO_accel.bc
Command       clang done; 3.109 sec.
INFO-FLOW: Linking Debug ...
Execute       llvm-ld C:/Users/User/PYNQ-HLS/QIO/QIO/solution1/.autopilot/db/QIO_accel.g.bc -hls-opt -except-internalize QIO_accel -LC:/Xilinx/Vivado/2020.1/win64/lib -lhlsm -lhlsmc++ -o C:/Users/User/PYNQ-HLS/QIO/QIO/solution1/.autopilot/db/a.g 
Command       llvm-ld done; 2.298 sec.
INFO: [HLS 200-111] Finished Linking Time (s): cpu = 00:00:02 ; elapsed = 00:00:20 . Memory (MB): peak = 888.148 ; gain = 795.246
INFO: [HLS 200-111] Finished Checking Pragmas Time (s): cpu = 00:00:02 ; elapsed = 00:00:20 . Memory (MB): peak = 888.148 ; gain = 795.246
Execute       get_config_sdx -target 
Execute       opt_and_import_c a -opt_level=2 -skip_syncheck=0 -ng=0 -keep_printf=0 
Execute         cleanup_all_models 
INFO: [HLS 200-10] Starting code transformations ...
Execute         transform -promote-dbg-pointer C:/Users/User/PYNQ-HLS/QIO/QIO/solution1/.autopilot/db/a.pp.bc -o C:/Users/User/PYNQ-HLS/QIO/QIO/solution1/.autopilot/db/a.pp.0.bc -f 
Command         transform done; 0.219 sec.
Execute         llvm-ld C:/Users/User/PYNQ-HLS/QIO/QIO/solution1/.autopilot/db/a.pp.0.bc -disable-opt -LC:/Xilinx/Vivado/2020.1/win64/lib -lfloatconversion -o C:/Users/User/PYNQ-HLS/QIO/QIO/solution1/.autopilot/db/a.g.0 
Command         llvm-ld done; 1.337 sec.
INFO-FLOW: Running Standard Transforms...
Execute         transform -hls -share-std-xform -demangle-name -inline-byval-memcpy -always-inline -stream-depth-lower -promote-dbg-pointer -interface-preproc -mem2reg -scalarrepl -mem2reg -keep-read-access -instcombine -dce -promote-dbg-pointer -bitop-raise -loop-simplify -indvarspre -indvars -loop-simplify -xunroll -constprop -instcombine -simplifycfg -indvars -simplifycfg -dce -globaldce -basicaa -simplifycfg -mem2reg -globalopt -global-constprop -deadargelim -instcombine -simplifycfg -prune-eh -simplifycfg -scalarrepl -instcombine -reassociate -licm -simplifycfg -loop-simplify -indvars -instcombine -simplifycfg -mem2reg -loop-simplify -indvars -instcombine -gvn -gvn -instcombine -adce -break-crit-edges -simplifycfg -loop-delete -global-array-opt -dce -dse -adce -find-syn-modules -top QIO_accel -deadargelim -mem2reg -instcombine -dce -presyn-prepare -auto-rom-infer -interface-preproc -syn-check -check-rec-only -find-region -simplifycfg -func-extr -function-inline -globaldce -mem2reg -instcombine -dce -gvn -globaldce -adce -adse -constprop -instcombine -bit-constprop -instcombine -dce -simplifycfg -bitop-raise -simplifycfg -dce -loop-delete -reassociate -globalopt -global-privatize -mem2reg -dce -global-constprop -pointer-simplify -constprop -dce -func-inst -deadargelim -auto-shift-reg-idiom -promote-dbg-pointer -norm-name C:/Users/User/PYNQ-HLS/QIO/QIO/solution1/.autopilot/db/a.g.0.bc -o C:/Users/User/PYNQ-HLS/QIO/QIO/solution1/.autopilot/db/a.g.1.bc -f -phase std-opt 
INFO: [XFORM 203-603] Inlining function 'axis2type<int>' into 'QIO_accel' (QIO/QIO_accel.cpp:64).
INFO: [XFORM 203-603] Inlining function 'type2axis<int>' into 'QIO_accel' (QIO/QIO_accel.cpp:66).
Command         transform done; 1.277 sec.
INFO: [HLS 200-111] Finished Standard Transforms Time (s): cpu = 00:00:03 ; elapsed = 00:00:22 . Memory (MB): peak = 888.148 ; gain = 795.246
INFO: [HLS 200-10] Checking synthesizability ...
INFO-FLOW: Checking Synthesizability 1/2..
Execute         transform -hls -syn-check -check-rec-only -disaggr -scalarrepl -norm-name -dce -mem2reg -instcombine -function-uniquify -directive-preproc -mem2reg -dse -dce -auto-rom-infer -dce -pag -array-normalize -instcombine -dce -warn-fifo-pointer -array-seg-normalize -instcombine -dce -array-flatten -instcombine -dce -array-burst -dce -deadargelim -promote-global-argument -simplifycfg -mem2reg -globaldce -dce -deadargelim -dce -instcombine -function-inline -globaldce -dce -doublePtrSimplify -doublePtrElim -dce -doublePtrSimplify -promote-dbg-pointer -dce -scalarrepl -dse -adse -instcombine -ptrLegalization -simplifycfg -dce -instcombine -pointer-simplify -ptrArgReplace -dce -instcombine -resolve-double-ptr -disaggr -scalarrepl -norm-name -dce -mem2reg -instcombine -ptrLegalization -simplifycfg -deadargelim -instcombine -dce -inst-simplify -function-uniquify -directive-preproc -mem2reg -dse -dce -globaldce -check-dspbuiltin C:/Users/User/PYNQ-HLS/QIO/QIO/solution1/.autopilot/db/a.g.1.bc -o C:/Users/User/PYNQ-HLS/QIO/QIO/solution1/.autopilot/db/a.g.2.prechk.bc -f 
INFO: [XFORM 203-602] Inlining function 'fp_struct<double>::mantissa' into 'generic_cast_IEEE754<unsigned int, (ap_q_mode)6, double>' (r:/builds/2020.1/continuous/2020_05_27_2902540/src/products/hls/hls_lib/hlsmath/include/FloatingPoint\hls_case_IEEE754.h:68) automatically.
INFO: [XFORM 203-602] Inlining function 'fp_struct<double>::expv' into 'generic_cast_IEEE754<unsigned int, (ap_q_mode)6, double>' (r:/builds/2020.1/continuous/2020_05_27_2902540/src/products/hls/hls_lib/hlsmath/include/FloatingPoint\hls_case_IEEE754.h:71) automatically.
INFO: [XFORM 203-602] Inlining function 'fp_struct<double>::__signbit' into 'generic_cast_IEEE754<unsigned int, (ap_q_mode)6, double>' (r:/builds/2020.1/continuous/2020_05_27_2902540/src/products/hls/hls_lib/hlsmath/include/FloatingPoint\hls_case_IEEE754.h:91) automatically.
INFO: [XFORM 203-602] Inlining function 'generic_cast_IEEE754<unsigned int, (ap_q_mode)6, double>' into 'generic_cast_IEEE754<unsigned int, double>' (r:/builds/2020.1/continuous/2020_05_27_2902540/src/products/hls/hls_lib/hlsmath/include/FloatingPoint\hls_case_IEEE754.h:117) automatically.
INFO: [XFORM 203-602] Inlining function 'generic_cast_IEEE754<unsigned int, double>' into '__hls_fptoui_double_i32' (r:/builds/2020.1/continuous/2020_05_27_2902540/src/products/hls/hls_lib/hlsmath/src/lib_floatconversion.cpp:69) automatically.
INFO: [XFORM 203-602] Inlining function '__hls_fptoui_double_i32' into 'pick_rnd_hw<unsigned int>' (QIO/LFSR.h:30) automatically.
INFO: [XFORM 203-602] Inlining function 'uniform0_1_hw<float>' into 'QIO_accel_hw<int>' (QIO/QIO_accel.cpp:43) automatically.
Command         transform done; 1.104 sec.
INFO-FLOW: Checking Synthesizability 2/2..
Execute         transform -syn-check C:/Users/User/PYNQ-HLS/QIO/QIO/solution1/.autopilot/db/a.g.2.prechk.bc -o C:/Users/User/PYNQ-HLS/QIO/QIO/solution1/.autopilot/db/a.g.2.bc -f -phase syn-check 
Command         transform done; 0.207 sec.
INFO: [HLS 200-111] Finished Checking Synthesizability Time (s): cpu = 00:00:05 ; elapsed = 00:00:24 . Memory (MB): peak = 888.148 ; gain = 795.246
INFO-FLOW: Compiler optimizing ...
INFO-FLOW: Share syncheck's 1.bc for syn flow: copy C:/Users/User/PYNQ-HLS/QIO/QIO/solution1/.autopilot/db/a.g.1.bc to C:/Users/User/PYNQ-HLS/QIO/QIO/solution1/.autopilot/db/a.o.1.bc
INFO-FLOW: Presyn 1...
Execute         transform -hls -tmp C:/Users/User/PYNQ-HLS/QIO/QIO/solution1/.autopilot/db -interface-port-rename -type-info -function-uniquify -directive-preproc -mem2reg -dse -dce -disaggr -scalarrepl -norm-name -deadargelim -mem2reg -instcombine -dce -simplifycfg -auto-rom-infer -dce -function-uniquify -resource-proc -clib-intrinsic-prepare -dce -func-buffer -dce -pag -array-normalize -func-legal -instcombine -gvn -constprop -dce -simplifycfg -mem2reg -globaldce -resolve-double-ptr -dce -deadargelim -dce -instcombine -ptrArgReplace -mem2reg -dce -array-seg-normalize -deadargelim -instcombine -dce -pointer-simplify -dce -port-alignment -dce -interface-preproc -data-pack -instcombine -dce -basicaa -aggr-aa -aggrmodref-aa -aggr-aa -gvn -gvn -basicaa -aggr-aa -aggrmodref-aa -aggr-aa -dse -adse -adce -loop-simplify -indvars -instcombine -gvn -loop-simplify -mem2reg -dce -find-region -instcombine -auto-loop-pipeline -inst-simplify -interface-preproc -cfgopt -instcombine -indvars -auto-loop-unroll -loop-simplify -loop-bound -xunroll -constprop -instcombine -simplifycfg -indvars -simplifycfg -dce -globaldce -clean-region -attach-range -gvn -inst-simplify -constprop -simplifycfg -dce -pointer-simplify -dce -globalopt -constprop -dce -array-promote -constprop -dce -ptrArgReplace -mem2reg -simplifycfg -dce -auto-par -instcombine -dce -array-transform-check -array-reshape -instcombine -simplifycfg -dce -ptrArgReplace -deadargelim -mem2reg -instcombine -simplifycfg -dce -indvars -loop-simplify -loop-bound -xunroll -constprop -instcombine -simplifycfg -indvars -simplifycfg -dce -globaldce -basicaa -aggr-aa -aggrmodref-aa -aggr-aa -dse -duplicate-dataflow-processes -globaldce -instcombine -array-partition -instcombine -simplifycfg -dce -ptrArgReplace -global-constprop -deadargelim -mem2reg -func-legal -dce -global-constprop -deadargelim -mem2reg -simplifycfg -dce -merge-param -deadargelim -globalopt -constprop -dce -array-promote -constprop -dce -ptrArgReplace -mem2reg -simplifycfg -dce -mem-intrinsic-preproc -dce -global-internalize -global-privatize -mem2reg -globaldce -promote-global-argument -ptrArgReplace -mem2reg -dce -globalopt -mergereturn -simplify-global-access -mem2reg -dce -pointer-simplify -dce -functionattrs -basicaa -aggr-aa -aggrmodref-aa -aggr-aa -gvn -gvn -basicaa -aggr-aa -aggrmodref-aa -aggr-aa -dse -adse -adce -dce -norm-name -function-inline -complex-op-raise -inst-simplify -globaldce -func-inst -constprop -instcombine -simplifycfg -dce -func-legal -dce -loop-bound -arraycheck -bitwidthmin -on-by-dataflow -loop-delete -instcombine -simplifycfg -globaldce -dce -gvn -deadargelim -dce -loop-simplify -clean-region -simplifycfg -propagate-stable-arguments -loop-stream -instcombine -simplifycfg -dce -globaldce -duplicate-dataflow-processes -stream-intrinsic-preproc -dce -check-ap-stream -loop-simplify -eliminate-keepreads -extract-dataflow-in-loop -loop-simplify -dce -gvn -deadargelim -dse -check-dataflow-syntax -legalize-stream-variable -legalize-global -extract-subproc -dce -dead-channel-elimination -canonicalize-gep -globaldce -dce -gvn -deadargelim -annotate-dataflow-channels -scalar-propagation -deadargelim -globaldce -mem2reg -check-dataflow-channels -function-stream -dce -globaldce -prop-fifo-spec -internal-stream-gen -canonicalize-gep -globaldce -dce -gvn -deadargelim -mergereturn -indvars -loop-simplify -instcombine -array-stream -array-seg-normalize -array-partition -func-legal -instcombine -simplifycfg -dce -bundle-memfifo-ops -deadargelim -function-uniquify -directive-preproc -mem2reg -dse -dce -group-axi-access -licm -simplifycfg -dce -loop-delete -norm-name C:/Users/User/PYNQ-HLS/QIO/QIO/solution1/.autopilot/db/a.o.1.bc -o C:/Users/User/PYNQ-HLS/QIO/QIO/solution1/.autopilot/db/a.o.1.tmp.bc -f 
WARNING: [XFORM 203-1103] Ignored data pack directive on non-struct variable 'output.data.V' (QIO/QIO_accel.cpp:55).
WARNING: [XFORM 203-1103] Ignored data pack directive on non-struct variable 'input.data.V' (QIO/QIO_accel.cpp:55).
INFO: [XFORM 203-602] Inlining function 'fp_struct<double>::mantissa' into 'generic_cast_IEEE754<unsigned int, (ap_q_mode)6, double>' (r:/builds/2020.1/continuous/2020_05_27_2902540/src/products/hls/hls_lib/hlsmath/include/FloatingPoint\hls_case_IEEE754.h:68) automatically.
INFO: [XFORM 203-602] Inlining function 'fp_struct<double>::expv' into 'generic_cast_IEEE754<unsigned int, (ap_q_mode)6, double>' (r:/builds/2020.1/continuous/2020_05_27_2902540/src/products/hls/hls_lib/hlsmath/include/FloatingPoint\hls_case_IEEE754.h:71) automatically.
INFO: [XFORM 203-602] Inlining function 'generic_cast_IEEE754<unsigned int, (ap_q_mode)6, double>' into 'generic_cast_IEEE754<unsigned int, double>' (r:/builds/2020.1/continuous/2020_05_27_2902540/src/products/hls/hls_lib/hlsmath/include/FloatingPoint\hls_case_IEEE754.h:117) automatically.
INFO: [XFORM 203-602] Inlining function 'generic_cast_IEEE754<unsigned int, double>' into '__hls_fptoui_double_i32' (r:/builds/2020.1/continuous/2020_05_27_2902540/src/products/hls/hls_lib/hlsmath/src/lib_floatconversion.cpp:69) automatically.
INFO: [XFORM 203-602] Inlining function '__hls_fptoui_double_i32' into 'pick_rnd_hw<unsigned int>' (QIO/LFSR.h:30) automatically.
INFO: [XFORM 203-602] Inlining function 'pick_rnd_hw<unsigned int>' into 'QIO_accel_hw<int>' (QIO/QIO_accel.cpp:25) automatically.
INFO: [XFORM 203-602] Inlining function 'uniform0_1_hw<float>' into 'QIO_accel_hw<int>' (QIO/QIO_accel.cpp:43) automatically.
Command         transform done; 1.399 sec.
INFO-FLOW: Presyn 2...
Execute         transform -hls -keep-callgraph -scalarrepl -mem2reg -port-alignment -attach-range -dce -pipe-mux-gen -indvars -loop-bound -inst-simplify -instcombine -dce -merge-array-access -mem2reg -dce -clean-region -mergereturn -if-conv -instcombine -dce -constprop -basicaa -aggr-aa -aggrmodref-aa -aggr-aa -gvn -gvn -basicaa -aggr-aa -aggrmodref-aa -aggr-aa -dse -adse -adce -scalarrepl -mem2reg -global-constprop -deadargelim -deadargelim -instcombine -dce -simplifycfg -ptrArgReplace -mem2reg -function-inline -globaldce -mem2reg -instcombine -dce -expr-balance -instcombine -dce -bitwidthmin -interface-preproc -directive-preproc -inst-rectify -instcombine -dce -functionattrs -constprop -instcombine -bit-constprop -simplify-global-access -globalopt -globaldce -inst-simplify -instcombine -elimdeaddata -dce -loop-delete -simplifycfg -loop-simplify -auto-burst -norm-name C:/Users/User/PYNQ-HLS/QIO/QIO/solution1/.autopilot/db/a.o.1.tmp.bc -o C:/Users/User/PYNQ-HLS/QIO/QIO/solution1/.autopilot/db/a.o.2.bc -f -phase presyn 
Command         transform done; 0.358 sec.
INFO: [HLS 200-111] Finished Pre-synthesis Time (s): cpu = 00:00:06 ; elapsed = 00:00:26 . Memory (MB): peak = 888.148 ; gain = 795.246
INFO-FLOW: Building ssdm...
Execute         transform -hls -function-uniquify -auto-function-inline -globaldce -ptrArgReplace -mem2reg -dce -reset-lda -loop-simplify -indvars -licm -loop-dep -loop-bound -licm -loop-simplify -flattenloopnest -array-flatten -gvn -instcombine -dce -array-map -dce -func-legal -gvn -adce -instcombine -cfgopt -simplifycfg -loop-simplify -array-burst -promote-global-argument -dce -ptrLegalization -axi4-lower -array-seg-normalize -basicaa -aggrmodref-aa -globalsmodref-aa -aggr-aa -gvn -gvn -basicaa -aggrmodref-aa -globalsmodref-aa -aggr-aa -dse -adse -adce -licm -inst-simplify -dce -globaldce -instcombine -array-stream -eliminate-keepreads -instcombine -dce -deadargelim -doublePtrSimplify -doublePtrElim -dce -doublePtrSimplify -promote-dbg-pointer -dce -scalarrepl -mem2reg -disaggr -norm-name -mem2reg -instcombine -dse -adse -adce -ptrLegalization -dce -auto-rom-infer -array-flatten -dce -instcombine -check-doubleptr -loop-rot -constprop -cfgopt -simplifycfg -loop-simplify -indvars -pointer-simplify -dce -loop-bound -loop-simplify -loop-preproc -constprop -global-constprop -gvn -mem2reg -instcombine -dce -loop-bound -loop-merge -dce -bitwidthmin -deadargelim -dce -canonicalize-dataflow -dce -scalar-propagation -deadargelim -globaldce -mem2reg -read-loop-dep -interface-preproc -directive-preproc -interface-gen -bram-byte-enable -deadargelim -inst-simplify -dce -gvn -mem2reg -instcombine -dce -adse -loop-bound -instcombine -cfgopt -simplifycfg -loop-simplify -clean-region -io-protocol -find-region -mem2reg -bitop-raise -complex-op-raise -inst-simplify -inst-rectify -instcombine -adce -deadargelim -loop-simplify -phi-opt -bitop-raise -cfgopt -simplifycfg -strip-dead-prototypes -interface-lower -bitop-lower -intrinsic-lower -auto-function-inline -basicaa -aggrmodref-aa -globalsmodref-aa -aggr-aa -inst-simplify -simplifycfg -loop-simplify -mergereturn -inst-simplify -inst-rectify -dce -load-elim -bitop-lower -loop-rewind -pointer-simplify -dce -cfgopt -dce -loop-bound -loop-dep -read-loop-dep -dce -check-stream -norm-name -legalize -validate-dataflow -inst-clarity -bitwidth -dump-loop-dep-to-ir -check-all-ssdm -cdfg-build C:/Users/User/PYNQ-HLS/QIO/QIO/solution1/.autopilot/db/a.o.2.bc -o C:/Users/User/PYNQ-HLS/QIO/QIO/solution1/.autopilot/db/a.o.3.bc -f -phase build-ssdm 
INFO: [XFORM 203-541] Flattening a loop nest 'axis2type_loop2' (QIO/QIO.h:59:33) in function 'QIO_accel'.
WARNING: [XFORM 203-542] Cannot flatten a loop nest 'QIO_loop2' (QIO/QIO.h:31:26) in function 'QIO<int>' : 

the outer loop is not a perfect loop.
WARNING: [XFORM 203-631] Renaming function 'Galois_LFSR_32_33_hw<unsigned int>' to 'Galois_LFSR_32_33_hw' (QIO/LFSR.h:12:34)
INFO: [HLS 200-472] Inferring partial write operation for 'current_val' (QIO/QIO_accel.cpp:18:3)
INFO: [HLS 200-472] Inferring partial write operation for 'new_val' (QIO/QIO_accel.cpp:19:3)
INFO: [HLS 200-472] Inferring partial write operation for 'new_val' (QIO/QIO_accel.cpp:35:4)
INFO: [HLS 200-472] Inferring partial write operation for 'new_val' (QIO/QIO_accel.cpp:38:4)
INFO: [HLS 200-472] Inferring partial write operation for 'current_val' (QIO/QIO_accel.cpp:47:4)
INFO: [HLS 200-472] Inferring partial write operation for 'final_val' (QIO/QIO_accel.cpp:52:3)
INFO: [HLS 200-472] Inferring partial write operation for 'init_val' (QIO/QIO.h:56:4)
INFO: [HLS 200-472] Inferring partial write operation for 'coef_list' (QIO/QIO.h:65:7)
INFO: [HLS 200-472] Inferring partial write operation for 'current_val2' (QIO/QIO.h:28:2)
Command         transform done; 1.522 sec.
INFO: [HLS 200-111] Finished Architecture Synthesis Time (s): cpu = 00:00:08 ; elapsed = 00:00:27 . Memory (MB): peak = 888.148 ; gain = 795.246
INFO-FLOW: Finish building internal data model.
Command       opt_and_import_c done; 7.491 sec.
Command     elaborate done; 25.861 sec.
Execute     autosyn -from_csynth_design=1 
INFO: [HLS 200-10] Starting hardware synthesis ...
INFO-FLOW: Synthesizing C/C++ design ...
INFO: [HLS 200-10] Synthesizing 'QIO_accel' ...
Execute       ap_set_top_model QIO_accel 
WARNING: [SYN 201-103] Legalizing function name 'QIO<int>' to 'QIO_int_s'.
WARNING: [SYN 201-103] Legalizing function name 'QIO_accel_hw<int>' to 'QIO_accel_hw_int_s'.
Execute       get_model_list QIO_accel -filter all-wo-channel -topdown 
Execute       preproc_iomode -model QIO_accel 
Execute       preproc_iomode -model QIO_accel_hw<int> 
Execute       preproc_iomode -model QIO<int> 
Execute       preproc_iomode -model Galois_LFSR_32_33_hw 
Execute       get_model_list QIO_accel -filter all-wo-channel 
INFO-FLOW: Model list for configure: Galois_LFSR_32_33_hw QIO<int> QIO_accel_hw<int> QIO_accel
INFO-FLOW: Configuring Module : Galois_LFSR_32_33_hw ...
Execute       set_default_model Galois_LFSR_32_33_hw 
Execute       apply_spec_resource_limit Galois_LFSR_32_33_hw 
INFO-FLOW: Configuring Module : QIO<int> ...
Execute       set_default_model QIO<int> 
Execute       apply_spec_resource_limit QIO<int> 
INFO-FLOW: Configuring Module : QIO_accel_hw<int> ...
Execute       set_default_model QIO_accel_hw<int> 
Execute       apply_spec_resource_limit QIO_accel_hw<int> 
INFO-FLOW: Configuring Module : QIO_accel ...
Execute       set_default_model QIO_accel 
Execute       apply_spec_resource_limit QIO_accel 
INFO-FLOW: Model list for preprocess: Galois_LFSR_32_33_hw QIO<int> QIO_accel_hw<int> QIO_accel
INFO-FLOW: Preprocessing Module: Galois_LFSR_32_33_hw ...
Execute       set_default_model Galois_LFSR_32_33_hw 
Execute       cdfg_preprocess -model Galois_LFSR_32_33_hw 
Execute       rtl_gen_preprocess Galois_LFSR_32_33_hw 
INFO-FLOW: Preprocessing Module: QIO<int> ...
Execute       set_default_model QIO<int> 
Execute       cdfg_preprocess -model QIO<int> 
Execute       rtl_gen_preprocess QIO<int> 
INFO-FLOW: Preprocessing Module: QIO_accel_hw<int> ...
Execute       set_default_model QIO_accel_hw<int> 
Execute       cdfg_preprocess -model QIO_accel_hw<int> 
Execute       rtl_gen_preprocess QIO_accel_hw<int> 
INFO-FLOW: Preprocessing Module: QIO_accel ...
Execute       set_default_model QIO_accel 
Execute       cdfg_preprocess -model QIO_accel 
Execute       rtl_gen_preprocess QIO_accel 
INFO-FLOW: Model list for synthesis: Galois_LFSR_32_33_hw QIO<int> QIO_accel_hw<int> QIO_accel
INFO: [HLS 200-10] ----------------------------------------------------------------
INFO: [HLS 200-42] -- Implementing module 'Galois_LFSR_32_33_hw' 
INFO: [HLS 200-10] ----------------------------------------------------------------
Execute       set_default_model Galois_LFSR_32_33_hw 
Execute       schedule -model Galois_LFSR_32_33_hw 
INFO: [SCHED 204-11] Starting scheduling ...
INFO: [SCHED 204-11] Finished scheduling.
INFO: [HLS 200-111]  Elapsed time: 27.211 seconds; current allocated memory: 321.458 MB.
Execute       syn_report -verbosereport -o C:/Users/User/PYNQ-HLS/QIO/QIO/solution1/.autopilot/db/Galois_LFSR_32_33_hw.verbose.sched.rpt 
Execute       db_write -o C:/Users/User/PYNQ-HLS/QIO/QIO/solution1/.autopilot/db/Galois_LFSR_32_33_hw.sched.adb -f 
INFO-FLOW: Finish scheduling Galois_LFSR_32_33_hw.
Execute       set_default_model Galois_LFSR_32_33_hw 
Execute       bind -model Galois_LFSR_32_33_hw 
BIND OPTION: model=Galois_LFSR_32_33_hw
INFO: [BIND 205-100] Starting micro-architecture generation ...
INFO: [BIND 205-101] Performing variable lifetime analysis.
INFO: [BIND 205-101] Exploring resource sharing.
INFO: [BIND 205-101] Binding ...
INFO: [BIND 205-100] Finished micro-architecture generation.
INFO: [HLS 200-111]  Elapsed time: 0.122 seconds; current allocated memory: 321.548 MB.
Execute       syn_report -verbosereport -o C:/Users/User/PYNQ-HLS/QIO/QIO/solution1/.autopilot/db/Galois_LFSR_32_33_hw.verbose.bind.rpt 
Execute       db_write -o C:/Users/User/PYNQ-HLS/QIO/QIO/solution1/.autopilot/db/Galois_LFSR_32_33_hw.bind.adb -f 
INFO-FLOW: Finish binding Galois_LFSR_32_33_hw.
INFO: [HLS 200-10] ----------------------------------------------------------------
INFO: [HLS 200-42] -- Implementing module 'QIO_int_s' 
INFO: [HLS 200-10] ----------------------------------------------------------------
Execute       set_default_model QIO<int> 
Execute       schedule -model QIO<int> 
INFO: [SCHED 204-11] Starting scheduling ...
INFO: [SCHED 204-61] Pipelining loop 'QIO_loop1'.
INFO: [SCHED 204-61] Pipelining result : Target II = 1, Final II = 1, Depth = 2.
INFO: [SCHED 204-61] Pipelining loop 'QIO_loop3'.
WARNING: [SCHED 204-68] The II Violation in module 'QIO_int_s' (Loop: QIO_loop3): Unable to enforce a carried dependence constraint (II = 1, distance = 1, offset = 0)
   between 'store' operation ('cost_new_write_assig_write_ln34', QIO/QIO.h:34) of variable 'sum', QIO/QIO.h:36 on local variable 'cost_new' and 'load' operation ('cost_new_write_assig_2', QIO/QIO.h:36) on local variable 'cost_new'.
WARNING: [SCHED 204-68] The II Violation in module 'QIO_int_s' (Loop: QIO_loop3): Unable to enforce a carried dependence constraint (II = 2, distance = 1, offset = 0)
   between 'store' operation ('cost_new_write_assig_write_ln34', QIO/QIO.h:34) of variable 'sum', QIO/QIO.h:36 on local variable 'cost_new' and 'load' operation ('cost_new_write_assig_2', QIO/QIO.h:36) on local variable 'cost_new'.
WARNING: [SCHED 204-68] The II Violation in module 'QIO_int_s' (Loop: QIO_loop3): Unable to enforce a carried dependence constraint (II = 3, distance = 1, offset = 0)
   between 'store' operation ('cost_new_write_assig_write_ln34', QIO/QIO.h:34) of variable 'sum', QIO/QIO.h:36 on local variable 'cost_new' and 'load' operation ('cost_new_write_assig_2', QIO/QIO.h:36) on local variable 'cost_new'.
WARNING: [SCHED 204-68] The II Violation in module 'QIO_int_s' (Loop: QIO_loop3): Unable to enforce a carried dependence constraint (II = 4, distance = 1, offset = 0)
   between 'store' operation ('cost_new_write_assig_write_ln34', QIO/QIO.h:34) of variable 'sum', QIO/QIO.h:36 on local variable 'cost_new' and 'load' operation ('cost_new_write_assig_2', QIO/QIO.h:36) on local variable 'cost_new'.
INFO: [SCHED 204-61] Pipelining result : Target II = 1, Final II = 5, Depth = 22.
INFO: [SCHED 204-11] Finished scheduling.
Command       schedule done; 0.14 sec.
INFO: [HLS 200-111]  Elapsed time: 0.231 seconds; current allocated memory: 321.918 MB.
Execute       syn_report -verbosereport -o C:/Users/User/PYNQ-HLS/QIO/QIO/solution1/.autopilot/db/QIO_int_s.verbose.sched.rpt 
Execute       db_write -o C:/Users/User/PYNQ-HLS/QIO/QIO/solution1/.autopilot/db/QIO_int_s.sched.adb -f 
INFO-FLOW: Finish scheduling QIO<int>.
Execute       set_default_model QIO<int> 
Execute       bind -model QIO<int> 
BIND OPTION: model=QIO<int>
INFO: [BIND 205-100] Starting micro-architecture generation ...
INFO: [BIND 205-101] Performing variable lifetime analysis.
INFO: [BIND 205-101] Exploring resource sharing.
INFO: [BIND 205-101] Binding ...
INFO: [BIND 205-100] Finished micro-architecture generation.
INFO: [HLS 200-111]  Elapsed time: 0.157 seconds; current allocated memory: 322.210 MB.
Execute       syn_report -verbosereport -o C:/Users/User/PYNQ-HLS/QIO/QIO/solution1/.autopilot/db/QIO_int_s.verbose.bind.rpt 
Execute       db_write -o C:/Users/User/PYNQ-HLS/QIO/QIO/solution1/.autopilot/db/QIO_int_s.bind.adb -f 
INFO-FLOW: Finish binding QIO<int>.
INFO: [HLS 200-10] ----------------------------------------------------------------
INFO: [HLS 200-42] -- Implementing module 'QIO_accel_hw_int_s' 
INFO: [HLS 200-10] ----------------------------------------------------------------
Execute       set_default_model QIO_accel_hw<int> 
Execute       schedule -model QIO_accel_hw<int> 
INFO: [SCHED 204-11] Starting scheduling ...
INFO: [SCHED 204-11] Finished scheduling.
Command       schedule done; 0.127 sec.
INFO: [HLS 200-111]  Elapsed time: 0.281 seconds; current allocated memory: 322.915 MB.
Execute       syn_report -verbosereport -o C:/Users/User/PYNQ-HLS/QIO/QIO/solution1/.autopilot/db/QIO_accel_hw_int_s.verbose.sched.rpt 
Command       syn_report done; 0.264 sec.
Execute       db_write -o C:/Users/User/PYNQ-HLS/QIO/QIO/solution1/.autopilot/db/QIO_accel_hw_int_s.sched.adb -f 
INFO-FLOW: Finish scheduling QIO_accel_hw<int>.
Execute       set_default_model QIO_accel_hw<int> 
Execute       bind -model QIO_accel_hw<int> 
BIND OPTION: model=QIO_accel_hw<int>
INFO: [BIND 205-100] Starting micro-architecture generation ...
INFO: [BIND 205-101] Performing variable lifetime analysis.
INFO: [BIND 205-101] Exploring resource sharing.
INFO: [BIND 205-101] Binding ...
INFO: [BIND 205-100] Finished micro-architecture generation.
INFO: [HLS 200-111]  Elapsed time: 0.441 seconds; current allocated memory: 323.724 MB.
Execute       syn_report -verbosereport -o C:/Users/User/PYNQ-HLS/QIO/QIO/solution1/.autopilot/db/QIO_accel_hw_int_s.verbose.bind.rpt 
Command       syn_report done; 0.363 sec.
Execute       db_write -o C:/Users/User/PYNQ-HLS/QIO/QIO/solution1/.autopilot/db/QIO_accel_hw_int_s.bind.adb -f 
INFO-FLOW: Finish binding QIO_accel_hw<int>.
INFO: [HLS 200-10] ----------------------------------------------------------------
INFO: [HLS 200-42] -- Implementing module 'QIO_accel' 
INFO: [HLS 200-10] ----------------------------------------------------------------
Execute       set_default_model QIO_accel 
Execute       schedule -model QIO_accel 
INFO: [SCHED 204-11] Starting scheduling ...
INFO: [SCHED 204-61] Pipelining loop 'axis2type_loop1'.
INFO: [SCHED 204-61] Pipelining result : Target II = 1, Final II = 1, Depth = 1.
INFO: [SCHED 204-61] Pipelining loop 'axis2type_loop2_axis2type_loop3'.
INFO: [SCHED 204-61] Pipelining result : Target II = 1, Final II = 1, Depth = 1.
INFO: [SCHED 204-61] Pipelining loop 'type2axis_loop1'.
INFO: [SCHED 204-61] Pipelining result : Target II = 1, Final II = 1, Depth = 3.
INFO: [SCHED 204-11] Finished scheduling.
INFO: [HLS 200-111]  Elapsed time: 0.567 seconds; current allocated memory: 324.083 MB.
Execute       syn_report -verbosereport -o C:/Users/User/PYNQ-HLS/QIO/QIO/solution1/.autopilot/db/QIO_accel.verbose.sched.rpt 
Execute       db_write -o C:/Users/User/PYNQ-HLS/QIO/QIO/solution1/.autopilot/db/QIO_accel.sched.adb -f 
INFO-FLOW: Finish scheduling QIO_accel.
Execute       set_default_model QIO_accel 
Execute       bind -model QIO_accel 
BIND OPTION: model=QIO_accel
INFO: [BIND 205-100] Starting micro-architecture generation ...
INFO: [BIND 205-101] Performing variable lifetime analysis.
INFO: [BIND 205-101] Exploring resource sharing.
INFO: [BIND 205-101] Binding ...
INFO: [BIND 205-100] Finished micro-architecture generation.
INFO: [HLS 200-111]  Elapsed time: 0.186 seconds; current allocated memory: 324.352 MB.
Execute       syn_report -verbosereport -o C:/Users/User/PYNQ-HLS/QIO/QIO/solution1/.autopilot/db/QIO_accel.verbose.bind.rpt 
Command       syn_report done; 0.134 sec.
Execute       db_write -o C:/Users/User/PYNQ-HLS/QIO/QIO/solution1/.autopilot/db/QIO_accel.bind.adb -f 
INFO-FLOW: Finish binding QIO_accel.
Execute       get_model_list QIO_accel -filter all-wo-channel 
INFO-FLOW: Preprocessing for RTLGen ...
Execute       rtl_gen_preprocess Galois_LFSR_32_33_hw 
Execute       rtl_gen_preprocess QIO<int> 
Execute       rtl_gen_preprocess QIO_accel_hw<int> 
Execute       rtl_gen_preprocess QIO_accel 
INFO-FLOW: Model list for RTL generation: Galois_LFSR_32_33_hw QIO<int> QIO_accel_hw<int> QIO_accel
INFO: [HLS 200-10] ----------------------------------------------------------------
INFO: [HLS 200-10] -- Generating RTL for module 'Galois_LFSR_32_33_hw' 
INFO: [HLS 200-10] ----------------------------------------------------------------
Execute       get_config_rtl -module_prefix 
Execute       get_config_rtl -module_auto_prefix 
Execute       create_rtl_model Galois_LFSR_32_33_hw -vendor xilinx -mg_file C:/Users/User/PYNQ-HLS/QIO/QIO/solution1/.autopilot/db/Galois_LFSR_32_33_hw.compgen.tcl 
WARNING: [RTGEN 206-101] Register 'guard_variable_for_v' is power-on initialization.
WARNING: [RTGEN 206-101] Register 'lfsr33_V' is power-on initialization.
INFO: [RTGEN 206-100] Finished creating RTL model for 'Galois_LFSR_32_33_hw'.
INFO: [HLS 200-111]  Elapsed time: 0.278 seconds; current allocated memory: 324.611 MB.
Execute       source C:/Users/User/PYNQ-HLS/QIO/QIO/solution1/.autopilot/db/QIO_accel.rtl_wrap.cfg.tcl 
Execute       gen_rtl Galois_LFSR_32_33_hw -style xilinx -tracefl mytrace -tracefmt vcd -traceopt all -f -lang sc -o C:/Users/User/PYNQ-HLS/QIO/QIO/solution1/syn/systemc/Galois_LFSR_32_33_hw -synmodules Galois_LFSR_32_33_hw QIO<int> QIO_accel_hw<int> QIO_accel 
Execute       gen_rtl Galois_LFSR_32_33_hw -style xilinx -f -lang vhdl -o C:/Users/User/PYNQ-HLS/QIO/QIO/solution1/syn/vhdl/Galois_LFSR_32_33_hw 
Execute       gen_rtl Galois_LFSR_32_33_hw -style xilinx -f -lang vlog -o C:/Users/User/PYNQ-HLS/QIO/QIO/solution1/syn/verilog/Galois_LFSR_32_33_hw 
Execute       syn_report -csynth -model Galois_LFSR_32_33_hw -o C:/Users/User/PYNQ-HLS/QIO/QIO/solution1/syn/report/Galois_LFSR_32_33_hw_csynth.rpt 
Execute       syn_report -rtlxml -model Galois_LFSR_32_33_hw -o C:/Users/User/PYNQ-HLS/QIO/QIO/solution1/syn/report/Galois_LFSR_32_33_hw_csynth.xml 
Execute       syn_report -verbosereport -model Galois_LFSR_32_33_hw -o C:/Users/User/PYNQ-HLS/QIO/QIO/solution1/.autopilot/db/Galois_LFSR_32_33_hw.verbose.rpt 
Execute       db_write -model Galois_LFSR_32_33_hw -f -o C:/Users/User/PYNQ-HLS/QIO/QIO/solution1/.autopilot/db/Galois_LFSR_32_33_hw.adb 
Execute       gen_tb_info Galois_LFSR_32_33_hw -p C:/Users/User/PYNQ-HLS/QIO/QIO/solution1/.autopilot/db -o C:/Users/User/PYNQ-HLS/QIO/QIO/solution1/.autopilot/db/Galois_LFSR_32_33_hw 
INFO: [HLS 200-10] ----------------------------------------------------------------
INFO: [HLS 200-10] -- Generating RTL for module 'QIO_int_s' 
INFO: [HLS 200-10] ----------------------------------------------------------------
Execute       get_config_rtl -module_prefix 
Execute       get_config_rtl -module_auto_prefix 
Execute       create_rtl_model QIO<int> -vendor xilinx -mg_file C:/Users/User/PYNQ-HLS/QIO/QIO/solution1/.autopilot/db/QIO_int_s.compgen.tcl 
INFO: [SYN 201-210] Renamed object name 'QIO_int_s_current_val2' to 'QIO_int_s_currentbkb' due to the length limit 20
INFO: [SYN 201-210] Renamed object name 'QIO_accel_fadd_32ns_32ns_32_5_full_dsp_1' to 'QIO_accel_fadd_32cud' due to the length limit 20
INFO: [SYN 201-210] Renamed object name 'QIO_accel_fmul_32ns_32ns_32_4_max_dsp_1' to 'QIO_accel_fmul_32dEe' due to the length limit 20
INFO: [SYN 201-210] Renamed object name 'QIO_accel_sitofp_32ns_32_6_1' to 'QIO_accel_sitofp_eOg' due to the length limit 20
INFO: [RTGEN 206-100] Generating core module 'QIO_accel_fadd_32cud': 1 instance(s).
INFO: [RTGEN 206-100] Generating core module 'QIO_accel_fmul_32dEe': 1 instance(s).
INFO: [RTGEN 206-100] Generating core module 'QIO_accel_sitofp_eOg': 1 instance(s).
INFO: [RTGEN 206-100] Finished creating RTL model for 'QIO_int_s'.
INFO: [HLS 200-111]  Elapsed time: 0.277 seconds; current allocated memory: 325.583 MB.
Execute       source C:/Users/User/PYNQ-HLS/QIO/QIO/solution1/.autopilot/db/QIO_accel.rtl_wrap.cfg.tcl 
Execute       gen_rtl QIO<int> -style xilinx -tracefl mytrace -tracefmt vcd -traceopt all -f -lang sc -o C:/Users/User/PYNQ-HLS/QIO/QIO/solution1/syn/systemc/QIO_int_s -synmodules Galois_LFSR_32_33_hw QIO<int> QIO_accel_hw<int> QIO_accel 
Execute       gen_rtl QIO<int> -style xilinx -f -lang vhdl -o C:/Users/User/PYNQ-HLS/QIO/QIO/solution1/syn/vhdl/QIO_int_s 
Execute       gen_rtl QIO<int> -style xilinx -f -lang vlog -o C:/Users/User/PYNQ-HLS/QIO/QIO/solution1/syn/verilog/QIO_int_s 
Execute       syn_report -csynth -model QIO<int> -o C:/Users/User/PYNQ-HLS/QIO/QIO/solution1/syn/report/QIO_int_s_csynth.rpt 
Execute       syn_report -rtlxml -model QIO<int> -o C:/Users/User/PYNQ-HLS/QIO/QIO/solution1/syn/report/QIO_int_s_csynth.xml 
Execute       syn_report -verbosereport -model QIO<int> -o C:/Users/User/PYNQ-HLS/QIO/QIO/solution1/.autopilot/db/QIO_int_s.verbose.rpt 
Execute       db_write -model QIO<int> -f -o C:/Users/User/PYNQ-HLS/QIO/QIO/solution1/.autopilot/db/QIO_int_s.adb 
Execute       gen_tb_info QIO<int> -p C:/Users/User/PYNQ-HLS/QIO/QIO/solution1/.autopilot/db -o C:/Users/User/PYNQ-HLS/QIO/QIO/solution1/.autopilot/db/QIO_int_s 
INFO: [HLS 200-10] ----------------------------------------------------------------
INFO: [HLS 200-10] -- Generating RTL for module 'QIO_accel_hw_int_s' 
INFO: [HLS 200-10] ----------------------------------------------------------------
Execute       get_config_rtl -module_prefix 
Execute       get_config_rtl -module_auto_prefix 
Execute       create_rtl_model QIO_accel_hw<int> -vendor xilinx -mg_file C:/Users/User/PYNQ-HLS/QIO/QIO/solution1/.autopilot/db/QIO_accel_hw_int_s.compgen.tcl 
INFO: [SYN 201-210] Renamed object name 'QIO_accel_hw_int_s_current_val' to 'QIO_accel_hw_int_fYi' due to the length limit 20
INFO: [SYN 201-210] Renamed object name 'QIO_accel_hw_int_s_new_val' to 'QIO_accel_hw_int_g8j' due to the length limit 20
INFO: [SYN 201-210] Renamed object name 'QIO_accel_fdiv_32ns_32ns_32_16_1' to 'QIO_accel_fdiv_32hbi' due to the length limit 20
INFO: [SYN 201-210] Renamed object name 'QIO_accel_fptrunc_64ns_32_2_1' to 'QIO_accel_fptruncibs' due to the length limit 20
INFO: [SYN 201-210] Renamed object name 'QIO_accel_fcmp_32ns_32ns_1_2_1' to 'QIO_accel_fcmp_32jbC' due to the length limit 20
INFO: [SYN 201-210] Renamed object name 'QIO_accel_dmul_64ns_64ns_64_6_max_dsp_1' to 'QIO_accel_dmul_64kbM' due to the length limit 20
INFO: [SYN 201-210] Renamed object name 'QIO_accel_ddiv_64ns_64ns_64_31_1' to 'QIO_accel_ddiv_64lbW' due to the length limit 20
INFO: [SYN 201-210] Renamed object name 'QIO_accel_uitodp_32ns_64_6_1' to 'QIO_accel_uitodp_mb6' due to the length limit 20
INFO: [RTGEN 206-100] Generating core module 'QIO_accel_ddiv_64lbW': 2 instance(s).
INFO: [RTGEN 206-100] Generating core module 'QIO_accel_dmul_64kbM': 2 instance(s).
INFO: [RTGEN 206-100] Generating core module 'QIO_accel_fcmp_32jbC': 1 instance(s).
INFO: [RTGEN 206-100] Generating core module 'QIO_accel_fdiv_32hbi': 1 instance(s).
INFO: [RTGEN 206-100] Generating core module 'QIO_accel_fptruncibs': 1 instance(s).
INFO: [RTGEN 206-100] Generating core module 'QIO_accel_uitodp_mb6': 2 instance(s).
INFO: [RTGEN 206-100] Finished creating RTL model for 'QIO_accel_hw_int_s'.
Command       create_rtl_model done; 0.149 sec.
INFO: [HLS 200-111]  Elapsed time: 0.483 seconds; current allocated memory: 328.296 MB.
Execute       source C:/Users/User/PYNQ-HLS/QIO/QIO/solution1/.autopilot/db/QIO_accel.rtl_wrap.cfg.tcl 
Execute       gen_rtl QIO_accel_hw<int> -style xilinx -tracefl mytrace -tracefmt vcd -traceopt all -f -lang sc -o C:/Users/User/PYNQ-HLS/QIO/QIO/solution1/syn/systemc/QIO_accel_hw_int_s -synmodules Galois_LFSR_32_33_hw QIO<int> QIO_accel_hw<int> QIO_accel 
Execute       gen_rtl QIO_accel_hw<int> -style xilinx -f -lang vhdl -o C:/Users/User/PYNQ-HLS/QIO/QIO/solution1/syn/vhdl/QIO_accel_hw_int_s 
Execute       gen_rtl QIO_accel_hw<int> -style xilinx -f -lang vlog -o C:/Users/User/PYNQ-HLS/QIO/QIO/solution1/syn/verilog/QIO_accel_hw_int_s 
Execute       syn_report -csynth -model QIO_accel_hw<int> -o C:/Users/User/PYNQ-HLS/QIO/QIO/solution1/syn/report/QIO_accel_hw_int_s_csynth.rpt 
Execute       syn_report -rtlxml -model QIO_accel_hw<int> -o C:/Users/User/PYNQ-HLS/QIO/QIO/solution1/syn/report/QIO_accel_hw_int_s_csynth.xml 
Execute       syn_report -verbosereport -model QIO_accel_hw<int> -o C:/Users/User/PYNQ-HLS/QIO/QIO/solution1/.autopilot/db/QIO_accel_hw_int_s.verbose.rpt 
Command       syn_report done; 0.392 sec.
Execute       db_write -model QIO_accel_hw<int> -f -o C:/Users/User/PYNQ-HLS/QIO/QIO/solution1/.autopilot/db/QIO_accel_hw_int_s.adb 
Command       db_write done; 0.122 sec.
Execute       gen_tb_info QIO_accel_hw<int> -p C:/Users/User/PYNQ-HLS/QIO/QIO/solution1/.autopilot/db -o C:/Users/User/PYNQ-HLS/QIO/QIO/solution1/.autopilot/db/QIO_accel_hw_int_s 
INFO: [HLS 200-10] ----------------------------------------------------------------
INFO: [HLS 200-10] -- Generating RTL for module 'QIO_accel' 
INFO: [HLS 200-10] ----------------------------------------------------------------
Execute       get_config_rtl -module_prefix 
Execute       get_config_rtl -module_auto_prefix 
Execute       create_rtl_model QIO_accel -vendor xilinx -mg_file C:/Users/User/PYNQ-HLS/QIO/QIO/solution1/.autopilot/db/QIO_accel.compgen.tcl 
INFO: [RTGEN 206-500] Setting interface mode on port 'QIO_accel/input_data_V' to 'axis' (register, both mode).
INFO: [RTGEN 206-500] Setting interface mode on port 'QIO_accel/input_last_V' to 'axis' (register, both mode).
INFO: [RTGEN 206-500] Setting interface mode on port 'QIO_accel/output_data_V' to 'axis' (register, both mode).
INFO: [RTGEN 206-500] Setting interface mode on port 'QIO_accel/output_last_V' to 'axis' (register, both mode).
INFO: [RTGEN 206-500] Setting interface mode on function 'QIO_accel' to 's_axilite & ap_ctrl_hs'.
INFO: [RTGEN 206-100] Bundling port 'return' to AXI-Lite port AXILiteS.
INFO: [RTGEN 206-100] Finished creating RTL model for 'QIO_accel'.
INFO: [HLS 200-111]  Elapsed time: 0.903 seconds; current allocated memory: 331.504 MB.
Execute       source C:/Users/User/PYNQ-HLS/QIO/QIO/solution1/.autopilot/db/QIO_accel.rtl_wrap.cfg.tcl 
Execute       gen_rtl QIO_accel -istop -style xilinx -tracefl mytrace -tracefmt vcd -traceopt all -f -lang sc -o C:/Users/User/PYNQ-HLS/QIO/QIO/solution1/syn/systemc/QIO_accel -synmodules Galois_LFSR_32_33_hw QIO<int> QIO_accel_hw<int> QIO_accel 
Execute       gen_rtl QIO_accel -istop -style xilinx -f -lang vhdl -o C:/Users/User/PYNQ-HLS/QIO/QIO/solution1/syn/vhdl/QIO_accel 
Execute       gen_rtl QIO_accel -istop -style xilinx -f -lang vlog -o C:/Users/User/PYNQ-HLS/QIO/QIO/solution1/syn/verilog/QIO_accel 
Execute       syn_report -csynth -model QIO_accel -o C:/Users/User/PYNQ-HLS/QIO/QIO/solution1/syn/report/QIO_accel_csynth.rpt 
Execute       syn_report -rtlxml -model QIO_accel -o C:/Users/User/PYNQ-HLS/QIO/QIO/solution1/syn/report/QIO_accel_csynth.xml 
Execute       syn_report -verbosereport -model QIO_accel -o C:/Users/User/PYNQ-HLS/QIO/QIO/solution1/.autopilot/db/QIO_accel.verbose.rpt 
Command       syn_report done; 0.147 sec.
Execute       db_write -model QIO_accel -f -o C:/Users/User/PYNQ-HLS/QIO/QIO/solution1/.autopilot/db/QIO_accel.adb 
Execute       gen_tb_info QIO_accel -p C:/Users/User/PYNQ-HLS/QIO/QIO/solution1/.autopilot/db -o C:/Users/User/PYNQ-HLS/QIO/QIO/solution1/.autopilot/db/QIO_accel 
Execute       export_constraint_db -f -tool general -o C:/Users/User/PYNQ-HLS/QIO/QIO/solution1/.autopilot/db/QIO_accel.constraint.tcl 
Execute       syn_report -designview -model QIO_accel -o C:/Users/User/PYNQ-HLS/QIO/QIO/solution1/.autopilot/db/QIO_accel.design.xml 
Execute       get_config_rtl -disable_wave_debug 
Execute       syn_report -wcfg -model QIO_accel -o C:/Users/User/PYNQ-HLS/QIO/QIO/solution1/.autopilot/db/QIO_accel_dataflow_ana.wcfg 
Execute       syn_report -protoinst -model QIO_accel -o C:/Users/User/PYNQ-HLS/QIO/QIO/solution1/.autopilot/db/QIO_accel.protoinst 
Execute       get_config_debug -directory 
Execute       sc_get_clocks QIO_accel 
Execute       get_config_export -vivado_clock 
Execute       sc_get_portdomain QIO_accel 
INFO-FLOW: Model list for RTL component generation: Galois_LFSR_32_33_hw QIO<int> QIO_accel_hw<int> QIO_accel
INFO-FLOW: Handling components in module [Galois_LFSR_32_33_hw] ... 
Execute       source C:/Users/User/PYNQ-HLS/QIO/QIO/solution1/.autopilot/db/Galois_LFSR_32_33_hw.compgen.tcl 
INFO-FLOW: Handling components in module [QIO_int_s] ... 
Execute       source C:/Users/User/PYNQ-HLS/QIO/QIO/solution1/.autopilot/db/QIO_int_s.compgen.tcl 
INFO-FLOW: Found component QIO_accel_fadd_32cud.
INFO-FLOW: Append model QIO_accel_fadd_32cud
INFO-FLOW: Found component QIO_accel_fmul_32dEe.
INFO-FLOW: Append model QIO_accel_fmul_32dEe
INFO-FLOW: Found component QIO_accel_sitofp_eOg.
INFO-FLOW: Append model QIO_accel_sitofp_eOg
INFO-FLOW: Found component QIO_int_s_currentbkb.
INFO-FLOW: Append model QIO_int_s_currentbkb
INFO-FLOW: Handling components in module [QIO_accel_hw_int_s] ... 
Execute       source C:/Users/User/PYNQ-HLS/QIO/QIO/solution1/.autopilot/db/QIO_accel_hw_int_s.compgen.tcl 
INFO-FLOW: Found component QIO_accel_fdiv_32hbi.
INFO-FLOW: Append model QIO_accel_fdiv_32hbi
INFO-FLOW: Found component QIO_accel_fptruncibs.
INFO-FLOW: Append model QIO_accel_fptruncibs
INFO-FLOW: Found component QIO_accel_fcmp_32jbC.
INFO-FLOW: Append model QIO_accel_fcmp_32jbC
INFO-FLOW: Found component QIO_accel_dmul_64kbM.
INFO-FLOW: Append model QIO_accel_dmul_64kbM
INFO-FLOW: Found component QIO_accel_ddiv_64lbW.
INFO-FLOW: Append model QIO_accel_ddiv_64lbW
INFO-FLOW: Found component QIO_accel_uitodp_mb6.
INFO-FLOW: Append model QIO_accel_uitodp_mb6
INFO-FLOW: Handling components in module [QIO_accel] ... 
Execute       source C:/Users/User/PYNQ-HLS/QIO/QIO/solution1/.autopilot/db/QIO_accel.compgen.tcl 
INFO-FLOW: Found component QIO_accel_coef_list.
INFO-FLOW: Append model QIO_accel_coef_list
INFO-FLOW: Found component QIO_accel_AXILiteS_s_axi.
INFO-FLOW: Append model QIO_accel_AXILiteS_s_axi
INFO-FLOW: Found component regslice_core.
INFO-FLOW: Append model regslice_core
INFO-FLOW: Append model Galois_LFSR_32_33_hw
INFO-FLOW: Append model QIO_int_s
INFO-FLOW: Append model QIO_accel_hw_int_s
INFO-FLOW: Append model QIO_accel
INFO-FLOW: Generating RTL model list ...
INFO-FLOW: All models in this session: QIO_accel_fadd_32cud QIO_accel_fmul_32dEe QIO_accel_sitofp_eOg QIO_int_s_currentbkb QIO_accel_fdiv_32hbi QIO_accel_fptruncibs QIO_accel_fcmp_32jbC QIO_accel_dmul_64kbM QIO_accel_ddiv_64lbW QIO_accel_uitodp_mb6 QIO_accel_coef_list QIO_accel_AXILiteS_s_axi regslice_core Galois_LFSR_32_33_hw QIO_int_s QIO_accel_hw_int_s QIO_accel
INFO-FLOW: To file: write model QIO_accel_fadd_32cud
INFO-FLOW: To file: write model QIO_accel_fmul_32dEe
INFO-FLOW: To file: write model QIO_accel_sitofp_eOg
INFO-FLOW: To file: write model QIO_int_s_currentbkb
INFO-FLOW: To file: write model QIO_accel_fdiv_32hbi
INFO-FLOW: To file: write model QIO_accel_fptruncibs
INFO-FLOW: To file: write model QIO_accel_fcmp_32jbC
INFO-FLOW: To file: write model QIO_accel_dmul_64kbM
INFO-FLOW: To file: write model QIO_accel_ddiv_64lbW
INFO-FLOW: To file: write model QIO_accel_uitodp_mb6
INFO-FLOW: To file: write model QIO_accel_coef_list
INFO-FLOW: To file: write model QIO_accel_AXILiteS_s_axi
INFO-FLOW: To file: write model regslice_core
INFO-FLOW: To file: write model Galois_LFSR_32_33_hw
INFO-FLOW: To file: write model QIO_int_s
INFO-FLOW: To file: write model QIO_accel_hw_int_s
INFO-FLOW: To file: write model QIO_accel
INFO-FLOW: Finished generating RTL model list.


INFO-FLOW: RTL Generation done.
INFO-FLOW: CAS Generation done.
INFO-FLOW: CBC Generation done.
Execute       syn_report -model QIO_accel -printsummary 
INFO: [HLS 200-790] **** Loop Constraint Status: All loop constraints were NOT satisfied.
INFO: [HLS 200-789] **** Estimated Fmax: 116.00 MHz
INFO-FLOW: DBG:CMD: auto_generate_csynth_design
INFO-FLOW: DBG:CMD:     auto_generate --sim-model -phase csynth_design -d C:/Users/User/PYNQ-HLS/QIO/QIO/solution1
Execute       source C:/Users/User/PYNQ-HLS/QIO/QIO/solution1/.autopilot/db/global.setting.tcl 
INFO-FLOW: DBG:CMD: read_platform_lib C:/Users/User/PYNQ-HLS/QIO/QIO/solution1/.autopilot/db/global.setting.tcl
Execute       source C:/Xilinx/Vivado/2020.1/common/technology/generic/autopilot/common.gen 
Execute         source C:/Xilinx/Vivado/2020.1/common/technology/generic/autopilot/APCoreGen.gen 
Execute       source C:/Xilinx/Vivado/2020.1/common/technology/generic/autopilot/op.gen 
Execute       source C:/Xilinx/Vivado/2020.1/common/technology/generic/autopilot/op_simcore.gen 
Execute       source C:/Xilinx/Vivado/2020.1/common/technology/generic/autopilot/interface.gen 
Execute       source C:/Users/User/PYNQ-HLS/QIO/QIO/solution1/.autopilot/db/global.setting.tcl 
Execute       source C:/Xilinx/Vivado/2020.1/common/technology/xilinx/zynq/zynq.gen 
Execute         source C:/Xilinx/Vivado/2020.1/common/technology/xilinx/common/xilinx.gen 
Execute           source C:/Xilinx/Vivado/2020.1/common/technology/xilinx/interface/plb46.gen 
Execute           source C:/Xilinx/Vivado/2020.1/common/technology/xilinx/interface/fsl.gen 
Execute           source C:/Xilinx/Vivado/2020.1/common/technology/xilinx/interface/axi4.gen 
Execute           source C:/Xilinx/Vivado/2020.1/common/technology/xilinx/interface/nativeAXI4.gen 
Execute             source C:/Xilinx/Vivado/2020.1/common/technology/xilinx/interface/saxilite.gen 
Execute             source C:/Xilinx/Vivado/2020.1/common/technology/xilinx/interface/maxi.gen 
Execute           source C:/Xilinx/Vivado/2020.1/common/technology/xilinx/scripts/xilinxcoregen.gen 
Execute           source C:/Xilinx/Vivado/2020.1/common/technology/xilinx/interface/XilEDKCoreGen.gen 
Execute           source C:/Xilinx/Vivado/2020.1/common/technology/xilinx/ip/dds_compiler.gen 
Execute           source C:/Xilinx/Vivado/2020.1/common/technology/xilinx/ip/util.gen 
Execute           source C:/Xilinx/Vivado/2020.1/common/technology/xilinx/ip/xfft.gen 
Execute           source C:/Xilinx/Vivado/2020.1/common/technology/xilinx/ip/xfir.gen 
Execute           source C:/Xilinx/Vivado/2020.1/common/technology/xilinx/common/dsp48.gen 
Command         ap_source done; 0.118 sec.
Command       ap_source done; 0.118 sec.
Execute       source C:/Xilinx/Vivado/2020.1/common/technology/xilinx/zynq/zynq_fpv6.gen 
Execute         source C:/Xilinx/Vivado/2020.1/common/technology/xilinx/common/xilinx_fp.gen 
INFO-FLOW: DBG:CMD:   using AESL_AUTOCG::g_clock_period=10.000 (was NA)
INFO-FLOW: DBG:CMD:       generate_ip_cores sim=1 export=0 expOnly=0 dstVlogDir=syn/verilog
Execute       source C:/Users/User/PYNQ-HLS/QIO/QIO/solution1/.autopilot/db/global.setting.tcl 
Execute       ap_part_info -name xc7z020-clg400-1 -data names -quiet 
Execute       ap_part_info -name xc7z020-clg400-1 -data info -quiet 
Execute       source C:/Users/User/PYNQ-HLS/QIO/QIO/solution1/.autopilot/db/global.setting.tcl 
Execute       source C:/Users/User/PYNQ-HLS/QIO/QIO/solution1/.autopilot/db/global.setting.tcl 
Execute       source C:/Users/User/PYNQ-HLS/QIO/QIO/solution1/.autopilot/db/Galois_LFSR_32_33_hw.compgen.tcl 
Execute       source C:/Users/User/PYNQ-HLS/QIO/QIO/solution1/.autopilot/db/QIO_int_s.compgen.tcl 
Execute         ap_part_info -name xc7z020-clg400-1 -data names -quiet 
Execute         ap_part_info -name xc7z020-clg400-1 -data info -quiet 
Execute         ap_part_info -name xc7z020-clg400-1 -data names -quiet 
Execute         ap_part_info -name xc7z020-clg400-1 -data info -quiet 
Execute         ap_part_info -name xc7z020-clg400-1 -data names -quiet 
Execute         ap_part_info -name xc7z020-clg400-1 -data info -quiet 
INFO: [RTMG 210-278] Implementing memory 'QIO_int_s_currentbkb_ram (RAM)' using block RAMs.
Execute         ap_part_info -name xc7z020-clg400-1 -data names -quiet 
Execute         ap_part_info -name xc7z020-clg400-1 -data info -quiet 
Command       ap_source done; 0.287 sec.
Execute       source C:/Users/User/PYNQ-HLS/QIO/QIO/solution1/.autopilot/db/QIO_accel_hw_int_s.compgen.tcl 
Execute         ap_part_info -name xc7z020-clg400-1 -data names -quiet 
Execute         ap_part_info -name xc7z020-clg400-1 -data info -quiet 
Execute         ap_part_info -name xc7z020-clg400-1 -data names -quiet 
Execute         ap_part_info -name xc7z020-clg400-1 -data info -quiet 
Execute         ap_part_info -name xc7z020-clg400-1 -data names -quiet 
Execute         ap_part_info -name xc7z020-clg400-1 -data info -quiet 
Execute         ap_part_info -name xc7z020-clg400-1 -data names -quiet 
Execute         ap_part_info -name xc7z020-clg400-1 -data info -quiet 
Execute         ap_part_info -name xc7z020-clg400-1 -data names -quiet 
Execute         ap_part_info -name xc7z020-clg400-1 -data info -quiet 
Execute         ap_part_info -name xc7z020-clg400-1 -data names -quiet 
Execute         ap_part_info -name xc7z020-clg400-1 -data info -quiet 
Command       ap_source done; 0.406 sec.
Execute       source C:/Users/User/PYNQ-HLS/QIO/QIO/solution1/.autopilot/db/QIO_accel.compgen.tcl 
INFO: [RTMG 210-278] Implementing memory 'QIO_accel_coef_list_ram (RAM)' using block RAMs.
Execute         ap_part_info -name xc7z020-clg400-1 -data names -quiet 
Execute         ap_part_info -name xc7z020-clg400-1 -data info -quiet 
Execute         source ./AXILiteS.slave.tcl 
Execute         is_m_axi_addr64 
Command       ap_source done; 0.137 sec.
INFO-FLOW: DBG:CMD:     auto_generate -export -impltomg_flag -rtl both -tool Vivado -pcore_version 1.00.a -phase csynth_design -d C:/Users/User/PYNQ-HLS/QIO/QIO/solution1
Execute       source C:/Users/User/PYNQ-HLS/QIO/QIO/solution1/.autopilot/db/global.setting.tcl 
INFO-FLOW: DBG:CMD: read_platform_lib C:/Users/User/PYNQ-HLS/QIO/QIO/solution1/.autopilot/db/global.setting.tcl
Execute       source C:/Xilinx/Vivado/2020.1/common/technology/generic/autopilot/common.gen 
Execute         source C:/Xilinx/Vivado/2020.1/common/technology/generic/autopilot/APCoreGen.gen 
Execute       source C:/Xilinx/Vivado/2020.1/common/technology/generic/autopilot/op.gen 
Execute       source C:/Xilinx/Vivado/2020.1/common/technology/generic/autopilot/op_simcore.gen 
Execute       source C:/Xilinx/Vivado/2020.1/common/technology/generic/autopilot/interface.gen 
Execute       source C:/Users/User/PYNQ-HLS/QIO/QIO/solution1/.autopilot/db/global.setting.tcl 
Execute       source C:/Xilinx/Vivado/2020.1/common/technology/xilinx/zynq/zynq.gen 
Execute         source C:/Xilinx/Vivado/2020.1/common/technology/xilinx/common/xilinx.gen 
Execute           source C:/Xilinx/Vivado/2020.1/common/technology/xilinx/interface/plb46.gen 
Execute           source C:/Xilinx/Vivado/2020.1/common/technology/xilinx/interface/fsl.gen 
Execute           source C:/Xilinx/Vivado/2020.1/common/technology/xilinx/interface/axi4.gen 
Execute           source C:/Xilinx/Vivado/2020.1/common/technology/xilinx/interface/nativeAXI4.gen 
Execute             source C:/Xilinx/Vivado/2020.1/common/technology/xilinx/interface/saxilite.gen 
Execute             source C:/Xilinx/Vivado/2020.1/common/technology/xilinx/interface/maxi.gen 
Execute           source C:/Xilinx/Vivado/2020.1/common/technology/xilinx/scripts/xilinxcoregen.gen 
Execute           source C:/Xilinx/Vivado/2020.1/common/technology/xilinx/interface/XilEDKCoreGen.gen 
Execute           source C:/Xilinx/Vivado/2020.1/common/technology/xilinx/ip/dds_compiler.gen 
Execute           source C:/Xilinx/Vivado/2020.1/common/technology/xilinx/ip/util.gen 
Execute           source C:/Xilinx/Vivado/2020.1/common/technology/xilinx/ip/xfft.gen 
Execute           source C:/Xilinx/Vivado/2020.1/common/technology/xilinx/ip/xfir.gen 
Execute           source C:/Xilinx/Vivado/2020.1/common/technology/xilinx/common/dsp48.gen 
Command         ap_source done; 0.134 sec.
Command       ap_source done; 0.134 sec.
Execute       source C:/Xilinx/Vivado/2020.1/common/technology/xilinx/zynq/zynq_fpv6.gen 
Execute         source C:/Xilinx/Vivado/2020.1/common/technology/xilinx/common/xilinx_fp.gen 
INFO-FLOW: DBG:CMD:       initCTypeInfo top_module=QIO_accel xml_exists=0
Execute       source C:/Users/User/PYNQ-HLS/QIO/QIO/solution1/.autopilot/db/QIO_accel.rtl_wrap.cfg.tcl 
Execute       source C:/Users/User/PYNQ-HLS/QIO/QIO/solution1/.autopilot/db/QIO_accel.rtl_wrap.cfg.tcl 
Execute       source C:/Users/User/PYNQ-HLS/QIO/QIO/solution1/.autopilot/db/QIO_accel.rtl_wrap.cfg.tcl 
Execute       source C:/Users/User/PYNQ-HLS/QIO/QIO/solution1/.autopilot/db/QIO_accel.tbgen.tcl 
Execute       source C:/Users/User/PYNQ-HLS/QIO/QIO/solution1/.autopilot/db/QIO_accel.tbgen.tcl 
INFO-FLOW: DBG:CMD:       export_impl_rtl
INFO-FLOW: DBG:CMD:       generate_ip_cores sim=0 export=0 expOnly=0 dstVlogDir=impl/.verilog
Execute       source C:/Users/User/PYNQ-HLS/QIO/QIO/solution1/.autopilot/db/global.setting.tcl 
Execute       source C:/Users/User/PYNQ-HLS/QIO/QIO/solution1/.autopilot/db/Galois_LFSR_32_33_hw.compgen.tcl 
Execute       source C:/Users/User/PYNQ-HLS/QIO/QIO/solution1/.autopilot/db/QIO_int_s.compgen.tcl 
Execute         ap_part_info -name xc7z020-clg400-1 -data names -quiet 
Execute         ap_part_info -name xc7z020-clg400-1 -data info -quiet 
Execute         ap_part_info -name xc7z020-clg400-1 -data names -quiet 
Execute         ap_part_info -name xc7z020-clg400-1 -data info -quiet 
Execute         ap_part_info -name xc7z020-clg400-1 -data names -quiet 
Execute         ap_part_info -name xc7z020-clg400-1 -data info -quiet 
Execute       source C:/Users/User/PYNQ-HLS/QIO/QIO/solution1/.autopilot/db/QIO_accel_hw_int_s.compgen.tcl 
Execute         ap_part_info -name xc7z020-clg400-1 -data names -quiet 
Execute         ap_part_info -name xc7z020-clg400-1 -data info -quiet 
Execute         ap_part_info -name xc7z020-clg400-1 -data names -quiet 
Execute         ap_part_info -name xc7z020-clg400-1 -data info -quiet 
Execute         ap_part_info -name xc7z020-clg400-1 -data names -quiet 
Execute         ap_part_info -name xc7z020-clg400-1 -data info -quiet 
Execute         ap_part_info -name xc7z020-clg400-1 -data names -quiet 
Execute         ap_part_info -name xc7z020-clg400-1 -data info -quiet 
Execute         ap_part_info -name xc7z020-clg400-1 -data names -quiet 
Execute         ap_part_info -name xc7z020-clg400-1 -data info -quiet 
Execute         ap_part_info -name xc7z020-clg400-1 -data names -quiet 
Execute         ap_part_info -name xc7z020-clg400-1 -data info -quiet 
Command       ap_source done; 0.152 sec.
Execute       source C:/Users/User/PYNQ-HLS/QIO/QIO/solution1/.autopilot/db/QIO_accel.compgen.tcl 
INFO-FLOW: DBG:CMD:       generate_ip_cores sim=0 export=1 expOnly=1 dstVlogDir=impl/.pcores/verilog
Execute       source C:/Users/User/PYNQ-HLS/QIO/QIO/solution1/.autopilot/db/global.setting.tcl 
Execute       source C:/Users/User/PYNQ-HLS/QIO/QIO/solution1/.autopilot/db/Galois_LFSR_32_33_hw.compgen.tcl 
Execute       source C:/Users/User/PYNQ-HLS/QIO/QIO/solution1/.autopilot/db/QIO_int_s.compgen.tcl 
Execute       source C:/Users/User/PYNQ-HLS/QIO/QIO/solution1/.autopilot/db/QIO_accel_hw_int_s.compgen.tcl 
Execute       source C:/Users/User/PYNQ-HLS/QIO/QIO/solution1/.autopilot/db/QIO_accel.compgen.tcl 
Execute         ap_part_info -name xc7z020-clg400-1 -data names -quiet 
Execute         ap_part_info -name xc7z020-clg400-1 -data info -quiet 
Execute         ap_part_info -name xc7z020-clg400-1 -data names -quiet 
Execute         ap_part_info -name xc7z020-clg400-1 -data info -quiet 
Execute         ap_part_info -name xc7z020-clg400-1 -data names -quiet 
Execute         ap_part_info -name xc7z020-clg400-1 -data info -quiet 
Execute         ap_part_info -name xc7z020-clg400-1 -data names -quiet 
Execute         ap_part_info -name xc7z020-clg400-1 -data info -quiet 
Execute         ap_part_info -name xc7z020-clg400-1 -data names -quiet 
Execute         ap_part_info -name xc7z020-clg400-1 -data info -quiet 
Execute         ap_part_info -name xc7z020-clg400-1 -data names -quiet 
Execute         ap_part_info -name xc7z020-clg400-1 -data info -quiet 
Execute       ap_part_info -name xc7z020-clg400-1 -data names -quiet 
Execute       ap_part_info -name xc7z020-clg400-1 -data info -quiet 
INFO-FLOW: DBG:CMD:       generate_ip_cores sim=0 export=0 expOnly=0 dstVlogDir=impl/.pcores/verilog_sim
Execute       source C:/Users/User/PYNQ-HLS/QIO/QIO/solution1/.autopilot/db/global.setting.tcl 
Execute       source C:/Users/User/PYNQ-HLS/QIO/QIO/solution1/.autopilot/db/Galois_LFSR_32_33_hw.compgen.tcl 
Execute       source C:/Users/User/PYNQ-HLS/QIO/QIO/solution1/.autopilot/db/QIO_int_s.compgen.tcl 
Execute       source C:/Users/User/PYNQ-HLS/QIO/QIO/solution1/.autopilot/db/QIO_accel_hw_int_s.compgen.tcl 
Execute       source C:/Users/User/PYNQ-HLS/QIO/QIO/solution1/.autopilot/db/QIO_accel.compgen.tcl 
Execute       ap_part_info -name xc7z020-clg400-1 -data names -quiet 
Execute       ap_part_info -name xc7z020-clg400-1 -data info -quiet 
Execute       ap_part_info -name xc7z020-clg400-1 -data names -quiet 
Execute       ap_part_info -name xc7z020-clg400-1 -data info -quiet 
Execute       source C:/Users/User/PYNQ-HLS/QIO/QIO/solution1/.autopilot/db/global.setting.tcl 
Execute       ap_part_info -name xc7z020-clg400-1 -data names -quiet 
Execute       ap_part_info -name xc7z020-clg400-1 -data info -quiet 
Execute       source C:/Users/User/PYNQ-HLS/QIO/QIO/solution1/.autopilot/db/QIO_accel.constraint.tcl 
Execute       source C:/Users/User/PYNQ-HLS/QIO/QIO/solution1/.autopilot/db/QIO_accel.tbgen.tcl 
INFO-FLOW: DBG:CMD:       hasPcoreIpAdapter=false #gSsdmPorts=8
INFO-FLOW: DBG:CMD: Skipping loadAnalyze_DB, #g_database=4
INFO-FLOW: DBG:CMD:       generate_json is_phase_csynth=1 g_has_adaptors=false generate_bd_files=1 #modelList=17 #gSsdmPorts=8
Execute       source C:/Xilinx/Vivado/2020.1/tps/tcl/tcllib1.11.1/fileutil/fileutil.tcl 
Execute       source C:/Users/User/PYNQ-HLS/QIO/QIO/solution1/.autopilot/db/global.setting.tcl 
Execute       source C:/Users/User/PYNQ-HLS/QIO/QIO/solution1/.autopilot/db/global.setting.tcl 
Execute       get_config_export -xo 
Execute       source C:/Users/User/PYNQ-HLS/QIO/QIO/solution1/.autopilot/db/QIO_accel.tbgen.tcl 
Execute       source C:/Users/User/PYNQ-HLS/QIO/QIO/solution1/.autopilot/db/QIO_accel.compgen.dataonly.tcl 
Execute       source C:/Users/User/PYNQ-HLS/QIO/QIO/solution1/.autopilot/db/QIO_accel.compgen.dataonly.tcl 
Execute       source C:/Users/User/PYNQ-HLS/QIO/QIO/solution1/.autopilot/db/QIO_accel.tbgen.tcl 
Execute       source C:/Users/User/PYNQ-HLS/QIO/QIO/solution1/.autopilot/db/QIO_accel.tbgen.tcl 
Execute       source C:/Users/User/PYNQ-HLS/QIO/QIO/solution1/.autopilot/db/global.setting.tcl 
Execute       get_config_sdx -target 
Execute       source C:/Users/User/PYNQ-HLS/QIO/QIO/solution1/.autopilot/db/QIO_accel.rtl_wrap.cfg.tcl 
Execute       source C:/Users/User/PYNQ-HLS/QIO/QIO/solution1/.autopilot/db/QIO_accel.compgen.dataonly.tcl 
Execute       source C:/Users/User/PYNQ-HLS/QIO/QIO/solution1/.autopilot/db/global.setting.tcl 
Execute       ap_part_info -name xc7z020-clg400-1 -data names -quiet 
Execute       ap_part_info -name xc7z020-clg400-1 -data info -quiet 
Execute       source C:/Users/User/PYNQ-HLS/QIO/QIO/solution1/.autopilot/db/QIO_accel.constraint.tcl 
Execute       sc_get_clocks QIO_accel 
Execute       ap_part_info -name xc7z020-clg400-1 -data names -quiet 
Execute       ap_part_info -name xc7z020-clg400-1 -data info -quiet 
Execute       source C:/Users/User/PYNQ-HLS/QIO/QIO/solution1/.autopilot/db/global.setting.tcl 
Execute       get_config_debug -directory 
Execute       source C:/Users/User/PYNQ-HLS/QIO/QIO/solution1/impl/misc/QIO_accel_ap_ddiv_29_no_dsp_64_ip.tcl 
Execute       source C:/Users/User/PYNQ-HLS/QIO/QIO/solution1/impl/misc/QIO_accel_ap_dmul_4_max_dsp_64_ip.tcl 
Execute       source C:/Users/User/PYNQ-HLS/QIO/QIO/solution1/impl/misc/QIO_accel_ap_fadd_3_full_dsp_32_ip.tcl 
Execute       source C:/Users/User/PYNQ-HLS/QIO/QIO/solution1/impl/misc/QIO_accel_ap_fcmp_0_no_dsp_32_ip.tcl 
Execute       source C:/Users/User/PYNQ-HLS/QIO/QIO/solution1/impl/misc/QIO_accel_ap_fdiv_14_no_dsp_32_ip.tcl 
Execute       source C:/Users/User/PYNQ-HLS/QIO/QIO/solution1/impl/misc/QIO_accel_ap_fmul_2_max_dsp_32_ip.tcl 
Execute       source C:/Users/User/PYNQ-HLS/QIO/QIO/solution1/impl/misc/QIO_accel_ap_fptrunc_0_no_dsp_64_ip.tcl 
Execute       source C:/Users/User/PYNQ-HLS/QIO/QIO/solution1/impl/misc/QIO_accel_ap_sitofp_4_no_dsp_32_ip.tcl 
Execute       source C:/Users/User/PYNQ-HLS/QIO/QIO/solution1/impl/misc/QIO_accel_ap_uitodp_4_no_dsp_32_ip.tcl 
Execute       source C:/Users/User/PYNQ-HLS/QIO/QIO/solution1/.autopilot/db/Galois_LFSR_32_33_hw.tbgen.tcl 
Execute       source C:/Users/User/PYNQ-HLS/QIO/QIO/solution1/.autopilot/db/QIO_int_s.tbgen.tcl 
Execute       source C:/Users/User/PYNQ-HLS/QIO/QIO/solution1/.autopilot/db/QIO_accel_hw_int_s.tbgen.tcl 
Execute       source C:/Users/User/PYNQ-HLS/QIO/QIO/solution1/.autopilot/db/QIO_accel.tbgen.tcl 
Execute       get_config_sdx -target 
Execute       get_config_sdx -profile 
Execute       get_config_rtl -kernel_profile 
Execute       get_config_rtl -stall_sig_gen 
Execute       get_config_rtl -profile 
INFO-FLOW: DBG:CMD: add_json_sdx_info kernel file does not exist, skipping opencl info: C:/Users/User/PYNQ-HLS/QIO/QIO/solution1/.autopilot/db/kernel.internal.xml
INFO-FLOW: DBG:CMD:       delete-temp-dirs (skipped for debug)
INFO: [HLS 200-111] Finished generating all RTL models Time (s): cpu = 00:00:12 ; elapsed = 00:00:34 . Memory (MB): peak = 888.148 ; gain = 795.246
INFO: [VHDL 208-304] Generating VHDL RTL for QIO_accel.
INFO: [VLOG 209-307] Generating Verilog RTL for QIO_accel.
Command     autosyn done; 7.456 sec.
Command   csynth_design done; 33.327 sec.
Command ap_source done; 34.101 sec.
Execute cleanup_all 
