

================================================================
== Vivado HLS Report for 'Galois_LFSR_32_33_hw'
================================================================
* Date:           Wed Jan 27 11:20:26 2021

* Version:        2020.1 (Build 2897737 on Wed May 27 20:21:37 MDT 2020)
* Project:        QIO
* Solution:       solution1
* Product family: zynq
* Target device:  xc7z020-clg400-1


================================================================
== Performance Estimates
================================================================
+ Timing: 
    * Summary: 
    +--------+----------+----------+------------+
    |  Clock |  Target  | Estimated| Uncertainty|
    +--------+----------+----------+------------+
    |ap_clk  | 10.00 ns | 1.799 ns |   1.25 ns  |
    +--------+----------+----------+------------+

+ Latency: 
    * Summary: 
    +---------+---------+----------+----------+-----+-----+---------+
    |  Latency (cycles) |  Latency (absolute) |  Interval | Pipeline|
    |   min   |   max   |    min   |    max   | min | max |   Type  |
    +---------+---------+----------+----------+-----+-----+---------+
    |        0|        0|   0 ns   |   0 ns   |    0|    0|   none  |
    +---------+---------+----------+----------+-----+-----+---------+

    + Detail: 
        * Instance: 
        N/A

        * Loop: 
        N/A

============================================================
+ Verbose Summary: Synthesis Manager
============================================================
InlineROM: 1
ExposeGlobal: 0
============================================================
+ Verbose Summary: CDFG Model
============================================================
IsTopModel: 0
ResetActiveHigh: 1
IsCombinational: 0
IsDatapathOnly: 0
HasWiredReturn: 1
HasMFsm: 0
HasVarLatency: 0
IsPipeline: 0
IsRtlPipelined: 0
IsInstanceOverlapped: 0
IsDontTouch: 0
HasImplIP: 0
IsGatedGlobalClock: 0


============================================================
+ Verbose Summary: Schedule
============================================================
* Number of FSM states : 1
* Pipeline : 0
* Dataflow Pipeline: 0

* FSM state transitions: 
1 --> 

* FSM state operations: 

State 1 <SV = 0> <Delay = 1.79>
ST_1 : Operation 2 [1/1] (0.00ns)   --->   "%guard_variable_for_G_1 = load i1* @guard_variable_for_G, align 1" [QIO/LFSR.h:12]   --->   Operation 2 'load' 'guard_variable_for_G_1' <Predicate = true> <Delay = 0.00>
ST_1 : Operation 3 [1/1] (0.00ns)   --->   "%lfsr33_V_load = load i33* @lfsr33_V, align 8" [QIO/LFSR.h:16]   --->   Operation 3 'load' 'lfsr33_V_load' <Predicate = (guard_variable_for_G_1)> <Delay = 0.00>
ST_1 : Operation 4 [1/1] (0.80ns)   --->   "%select_ln12 = select i1 %guard_variable_for_G_1, i33 %lfsr33_V_load, i33 61680" [QIO/LFSR.h:12]   --->   Operation 4 'select' 'select_ln12' <Predicate = true> <Delay = 0.80> <Core = "Sel">   --->   Core 26 'Sel' <Latency = 0> <II = 1> <Delay = 0.80> <FuncUnit> <Opcode : 'select'> <InPorts = 3> <OutPorts = 1>
ST_1 : Operation 5 [1/1] (0.00ns) (grouped into LUT with out node select_ln21)   --->   "%lsb33_V = trunc i33 %select_ln12 to i1" [QIO/LFSR.h:16]   --->   Operation 5 'trunc' 'lsb33_V' <Predicate = true> <Delay = 0.00>
ST_1 : Operation 6 [1/1] (0.00ns)   --->   "%lshr_ln = call i32 @_ssdm_op_PartSelect.i32.i33.i32.i32(i33 %select_ln12, i32 1, i32 32)" [QIO/LFSR.h:20]   --->   Operation 6 'partselect' 'lshr_ln' <Predicate = true> <Delay = 0.00>
ST_1 : Operation 7 [1/1] (0.00ns)   --->   "%zext_ln858 = zext i32 %lshr_ln to i33" [QIO/LFSR.h:20]   --->   Operation 7 'zext' 'zext_ln858' <Predicate = true> <Delay = 0.00>
ST_1 : Operation 8 [1/1] (0.00ns) (grouped into LUT with out node select_ln21)   --->   "%xor_ln719 = xor i33 %zext_ln858, -1811939328" [QIO/LFSR.h:22]   --->   Operation 8 'xor' 'xor_ln719' <Predicate = (lsb33_V)> <Delay = 0.00> <Core = "LogicGate">   --->   Core 27 'LogicGate' <Latency = 0> <II = 1> <Delay = 0.99> <FuncUnit> <Opcode : 'and' 'or' 'xor'> <InPorts = 2> <OutPorts = 1>
ST_1 : Operation 9 [1/1] (0.99ns) (out node of the LUT)   --->   "%select_ln21 = select i1 %lsb33_V, i33 %xor_ln719, i33 %zext_ln858" [QIO/LFSR.h:21]   --->   Operation 9 'select' 'select_ln21' <Predicate = true> <Delay = 0.99> <Core = "Sel">   --->   Core 26 'Sel' <Latency = 0> <II = 1> <Delay = 0.80> <FuncUnit> <Opcode : 'select'> <InPorts = 3> <OutPorts = 1>
ST_1 : Operation 10 [1/1] (0.00ns)   --->   "store i33 %select_ln21, i33* @lfsr33_V, align 8" [QIO/LFSR.h:12]   --->   Operation 10 'store' <Predicate = true> <Delay = 0.00>
ST_1 : Operation 11 [1/1] (0.00ns)   --->   "ret void" [QIO/LFSR.h:24]   --->   Operation 11 'ret' <Predicate = true> <Delay = 0.00>


============================================================
+ Verbose Summary: Timing violations
============================================================
Target clock period: 10ns, clock uncertainty: 1.25ns.

 <State 1>: 1.8ns
The critical path consists of the following:
	'load' operation ('guard_variable_for_G_1', QIO/LFSR.h:12) on static variable 'guard_variable_for_G' [5]  (0 ns)
	'select' operation ('select_ln12', QIO/LFSR.h:12) [7]  (0.806 ns)
	'select' operation ('select_ln21', QIO/LFSR.h:21) [12]  (0.993 ns)


============================================================
+ Verbose Summary: Binding
============================================================
N/A
* FSMD analyzer results:
  - Output states:
 - Input state : 
  - Chain level:
	State 1


============================================================
+ Verbose Summary: Datapath Resource usage 
============================================================
N/A
