

================================================================
== Vivado HLS Report for 'QIO_accel'
================================================================
* Date:           Thu Jan 28 09:59:28 2021

* Version:        2020.1 (Build 2897737 on Wed May 27 20:21:37 MDT 2020)
* Project:        QIO
* Solution:       solution1
* Product family: zynq
* Target device:  xc7z020-clg400-1


================================================================
== Performance Estimates
================================================================
+ Timing: 
    * Summary: 
    +--------+----------+----------+------------+
    |  Clock |  Target  | Estimated| Uncertainty|
    +--------+----------+----------+------------+
    |ap_clk  | 10.00 ns | 8.621 ns |   1.25 ns  |
    +--------+----------+----------+------------+

+ Latency: 
    * Summary: 
    +---------+---------+----------+----------+-------+--------+---------+
    |  Latency (cycles) |  Latency (absolute) |    Interval    | Pipeline|
    |   min   |   max   |    min   |    max   |  min  |   max  |   Type  |
    +---------+---------+----------+----------+-------+--------+---------+
    |    18871|   230711| 0.189 ms | 2.307 ms |  18871|  230711|   none  |
    +---------+---------+----------+----------+-------+--------+---------+

    + Detail: 
        * Instance: 
        N/A

        * Loop: 
        +-----------------------------------+---------+---------+----------+-----------+-----------+------+----------+
        |                                   |  Latency (cycles) | Iteration|  Initiation Interval  | Trip |          |
        |             Loop Name             |   min   |   max   |  Latency |  achieved |   target  | Count| Pipelined|
        +-----------------------------------+---------+---------+----------+-----------+-----------+------+----------+
        |- axis2type_loop1                  |       64|       64|         1|          1|          1|    64|    yes   |
        |- axis2type_loop2_axis2type_loop3  |     4096|     4096|         1|          1|          1|  4096|    yes   |
        |- type2axis_loop1                  |       65|       65|         3|          1|          1|    64|    yes   |
        +-----------------------------------+---------+---------+----------+-----------+-----------+------+----------+

============================================================
+ Verbose Summary: Synthesis Manager
============================================================
InlineROM: 1
ExposeGlobal: 0
============================================================
+ Verbose Summary: CDFG Model
============================================================
IsTopModel: 1
ResetActiveHigh: 1
IsCombinational: 0
IsDatapathOnly: 0
HasWiredReturn: 1
HasMFsm: 0
HasVarLatency: 1
IsPipeline: 0
IsRtlPipelined: 0
IsInstanceOverlapped: 0
IsDontTouch: 0
HasImplIP: 0
IsGatedGlobalClock: 0

+ Individual pipeline summary: 
  * Pipeline-0: initiation interval (II) = 1, depth = 1
  * Pipeline-1: initiation interval (II) = 1, depth = 1
  * Pipeline-2: initiation interval (II) = 1, depth = 3


============================================================
+ Verbose Summary: Schedule
============================================================
* Number of FSM states : 10
* Pipeline : 3
  Pipeline-0 : II = 1, D = 1, States = { 2 }
  Pipeline-1 : II = 1, D = 1, States = { 4 }
  Pipeline-2 : II = 1, D = 3, States = { 7 8 9 }
* Dataflow Pipeline: 0

* FSM state transitions: 
1 --> 2 
2 --> 3 2 
3 --> 4 
4 --> 5 4 
5 --> 6 
6 --> 7 
7 --> 10 8 
8 --> 9 
9 --> 7 
10 --> 

* FSM state operations: 

State 1 <SV = 0> <Delay = 1.76>
ST_1 : Operation 11 [1/1] (0.00ns)   --->   "call void (...)* @_ssdm_op_SpecBitsMap(i32* %input_data_V), !map !105"   --->   Operation 11 'specbitsmap' <Predicate = true> <Delay = 0.00>
ST_1 : Operation 12 [1/1] (0.00ns)   --->   "call void (...)* @_ssdm_op_SpecBitsMap(i1* %input_last_V), !map !111"   --->   Operation 12 'specbitsmap' <Predicate = true> <Delay = 0.00>
ST_1 : Operation 13 [1/1] (0.00ns)   --->   "call void (...)* @_ssdm_op_SpecBitsMap(i32* %output_data_V), !map !115"   --->   Operation 13 'specbitsmap' <Predicate = true> <Delay = 0.00>
ST_1 : Operation 14 [1/1] (0.00ns)   --->   "call void (...)* @_ssdm_op_SpecBitsMap(i1* %output_last_V), !map !121"   --->   Operation 14 'specbitsmap' <Predicate = true> <Delay = 0.00>
ST_1 : Operation 15 [1/1] (0.00ns)   --->   "call void (...)* @_ssdm_op_SpecTopModule([10 x i8]* @QIO_accel_str) nounwind"   --->   Operation 15 'spectopmodule' <Predicate = true> <Delay = 0.00>
ST_1 : Operation 16 [1/1] (0.00ns)   --->   "%coef_list = alloca [4096 x float], align 4" [QIO/QIO_accel.cpp:60]   --->   Operation 16 'alloca' 'coef_list' <Predicate = true> <Delay = 0.00> <Core = "RAM">   --->   Core 37 'RAM' <Latency = 1> <II = 1> <Delay = 3.25> <Storage> <Opcode : 'load' 'store'> <Ports = 2> <Width = 32> <Depth = 64> <RAM>
ST_1 : Operation 17 [1/1] (0.00ns)   --->   "%init_val = alloca [64 x i32], align 16" [QIO/QIO_accel.cpp:62]   --->   Operation 17 'alloca' 'init_val' <Predicate = true> <Delay = 0.00> <Core = "RAM">   --->   Core 37 'RAM' <Latency = 1> <II = 1> <Delay = 3.25> <Storage> <Opcode : 'load' 'store'> <Ports = 2> <Width = 32> <Depth = 64> <RAM>
ST_1 : Operation 18 [1/1] (0.00ns)   --->   "%final_val = alloca [64 x i32], align 16"   --->   Operation 18 'alloca' 'final_val' <Predicate = true> <Delay = 0.00> <Core = "RAM">   --->   Core 37 'RAM' <Latency = 1> <II = 1> <Delay = 3.25> <Storage> <Opcode : 'load' 'store'> <Ports = 2> <Width = 32> <Depth = 64> <RAM>
ST_1 : Operation 19 [1/1] (0.00ns)   --->   "call void (...)* @_ssdm_op_SpecInterface(i32* %output_data_V, i1* %output_last_V, [5 x i8]* @p_str, i32 1, i32 1, [5 x i8]* @p_str1, i32 0, i32 0, [1 x i8]* @p_str2, [1 x i8]* @p_str2, [1 x i8]* @p_str2, i32 0, i32 0, i32 0, i32 0, [1 x i8]* @p_str2, [1 x i8]* @p_str2)" [QIO/QIO_accel.cpp:56]   --->   Operation 19 'specinterface' <Predicate = true> <Delay = 0.00>
ST_1 : Operation 20 [1/1] (0.00ns)   --->   "call void (...)* @_ssdm_op_SpecInterface(i32* %input_data_V, i1* %input_last_V, [5 x i8]* @p_str, i32 1, i32 1, [5 x i8]* @p_str1, i32 0, i32 0, [1 x i8]* @p_str2, [1 x i8]* @p_str2, [1 x i8]* @p_str2, i32 0, i32 0, i32 0, i32 0, [1 x i8]* @p_str2, [1 x i8]* @p_str2)" [QIO/QIO_accel.cpp:57]   --->   Operation 20 'specinterface' <Predicate = true> <Delay = 0.00>
ST_1 : Operation 21 [1/1] (0.00ns)   --->   "call void (...)* @_ssdm_op_SpecInterface(i32 0, [10 x i8]* @p_str3, i32 0, i32 0, [1 x i8]* @p_str2, i32 0, i32 0, [1 x i8]* @p_str2, [1 x i8]* @p_str2, [1 x i8]* @p_str2, i32 0, i32 0, i32 0, i32 0, [1 x i8]* @p_str2, [1 x i8]* @p_str2) nounwind" [QIO/QIO_accel.cpp:58]   --->   Operation 21 'specinterface' <Predicate = true> <Delay = 0.00>
ST_1 : Operation 22 [1/1] (1.76ns)   --->   "br label %1" [QIO/QIO.h:53->QIO/QIO_accel.cpp:64]   --->   Operation 22 'br' <Predicate = true> <Delay = 1.76>

State 2 <SV = 1> <Delay = 3.25>
ST_2 : Operation 23 [1/1] (0.00ns)   --->   "%i_0_i = phi i7 [ 0, %0 ], [ %i, %axis2type_loop1 ]"   --->   Operation 23 'phi' 'i_0_i' <Predicate = true> <Delay = 0.00>
ST_2 : Operation 24 [1/1] (1.48ns)   --->   "%icmp_ln53 = icmp eq i7 %i_0_i, -64" [QIO/QIO.h:53->QIO/QIO_accel.cpp:64]   --->   Operation 24 'icmp' 'icmp_ln53' <Predicate = true> <Delay = 1.48> <Core = "Cmp">   --->   Core 25 'Cmp' <Latency = 0> <II = 1> <Delay = 1.48> <FuncUnit> <Opcode : 'icmp'> <InPorts = 2> <OutPorts = 1>
ST_2 : Operation 25 [1/1] (0.00ns)   --->   "%empty = call i32 (...)* @_ssdm_op_SpecLoopTripCount(i64 64, i64 64, i64 64)"   --->   Operation 25 'speclooptripcount' 'empty' <Predicate = true> <Delay = 0.00>
ST_2 : Operation 26 [1/1] (1.87ns)   --->   "%i = add i7 %i_0_i, 1" [QIO/QIO.h:53->QIO/QIO_accel.cpp:64]   --->   Operation 26 'add' 'i' <Predicate = true> <Delay = 1.87> <Core = "AddSub">   --->   Core 14 'AddSub' <Latency = 0> <II = 1> <Delay = 1.87> <FuncUnit> <Opcode : 'add' 'sub'> <InPorts = 2> <OutPorts = 1>
ST_2 : Operation 27 [1/1] (0.00ns)   --->   "br i1 %icmp_ln53, label %.preheader.i.preheader.preheader, label %axis2type_loop1" [QIO/QIO.h:53->QIO/QIO_accel.cpp:64]   --->   Operation 27 'br' <Predicate = true> <Delay = 0.00>
ST_2 : Operation 28 [1/1] (0.00ns)   --->   "call void (...)* @_ssdm_op_SpecLoopName([16 x i8]* @p_str11) nounwind" [QIO/QIO.h:53->QIO/QIO_accel.cpp:64]   --->   Operation 28 'specloopname' <Predicate = (!icmp_ln53)> <Delay = 0.00>
ST_2 : Operation 29 [1/1] (0.00ns)   --->   "%tmp = call i32 (...)* @_ssdm_op_SpecRegionBegin([16 x i8]* @p_str11)" [QIO/QIO.h:53->QIO/QIO_accel.cpp:64]   --->   Operation 29 'specregionbegin' 'tmp' <Predicate = (!icmp_ln53)> <Delay = 0.00>
ST_2 : Operation 30 [1/1] (0.00ns)   --->   "call void (...)* @_ssdm_op_SpecPipeline(i32 -1, i32 1, i32 1, i32 0, [1 x i8]* @p_str2) nounwind" [QIO/QIO.h:54->QIO/QIO_accel.cpp:64]   --->   Operation 30 'specpipeline' <Predicate = (!icmp_ln53)> <Delay = 0.00>
ST_2 : Operation 31 [1/1] (0.00ns)   --->   "%zext_ln55 = zext i7 %i_0_i to i64" [QIO/QIO.h:55->QIO/QIO_accel.cpp:64]   --->   Operation 31 'zext' 'zext_ln55' <Predicate = (!icmp_ln53)> <Delay = 0.00>
ST_2 : Operation 32 [1/1] (0.00ns)   --->   "%empty_35 = call { i32, i1 } @_ssdm_op_Read.axis.volatile.i32P.i1P(i32* %input_data_V, i1* %input_last_V)" [QIO/QIO_accel.cpp:55]   --->   Operation 32 'read' 'empty_35' <Predicate = (!icmp_ln53)> <Delay = 0.00> <Core = "AXI4Stream">   --->   Core 5 'AXI4Stream' <Latency = 0> <II = 1> <Delay = 1.00> <Adapter> <Opcode : >
ST_2 : Operation 33 [1/1] (0.00ns)   --->   "%input_data_V_val = extractvalue { i32, i1 } %empty_35, 0" [QIO/QIO_accel.cpp:55]   --->   Operation 33 'extractvalue' 'input_data_V_val' <Predicate = (!icmp_ln53)> <Delay = 0.00>
ST_2 : Operation 34 [1/1] (0.00ns)   --->   "%init_val_addr = getelementptr inbounds [64 x i32]* %init_val, i64 0, i64 %zext_ln55" [QIO/QIO.h:56->QIO/QIO_accel.cpp:64]   --->   Operation 34 'getelementptr' 'init_val_addr' <Predicate = (!icmp_ln53)> <Delay = 0.00>
ST_2 : Operation 35 [1/1] (3.25ns)   --->   "store i32 %input_data_V_val, i32* %init_val_addr, align 4" [QIO/QIO.h:56->QIO/QIO_accel.cpp:64]   --->   Operation 35 'store' <Predicate = (!icmp_ln53)> <Delay = 3.25> <Core = "RAM">   --->   Core 37 'RAM' <Latency = 1> <II = 1> <Delay = 3.25> <Storage> <Opcode : 'load' 'store'> <Ports = 2> <Width = 32> <Depth = 64> <RAM>
ST_2 : Operation 36 [1/1] (0.00ns)   --->   "%empty_36 = call i32 (...)* @_ssdm_op_SpecRegionEnd([16 x i8]* @p_str11, i32 %tmp)" [QIO/QIO.h:57->QIO/QIO_accel.cpp:64]   --->   Operation 36 'specregionend' 'empty_36' <Predicate = (!icmp_ln53)> <Delay = 0.00>
ST_2 : Operation 37 [1/1] (0.00ns)   --->   "br label %1" [QIO/QIO.h:53->QIO/QIO_accel.cpp:64]   --->   Operation 37 'br' <Predicate = (!icmp_ln53)> <Delay = 0.00>

State 3 <SV = 2> <Delay = 1.76>
ST_3 : Operation 38 [1/1] (1.76ns)   --->   "br label %.preheader.i.preheader" [QIO/QIO.h:59->QIO/QIO_accel.cpp:64]   --->   Operation 38 'br' <Predicate = true> <Delay = 1.76>

State 4 <SV = 3> <Delay = 7.79>
ST_4 : Operation 39 [1/1] (0.00ns)   --->   "%indvar_flatten = phi i13 [ %add_ln59, %axis2type_loop3 ], [ 0, %.preheader.i.preheader.preheader ]" [QIO/QIO.h:59->QIO/QIO_accel.cpp:64]   --->   Operation 39 'phi' 'indvar_flatten' <Predicate = true> <Delay = 0.00>
ST_4 : Operation 40 [1/1] (0.00ns)   --->   "%i1_0_i = phi i7 [ %select_ln65_1, %axis2type_loop3 ], [ 0, %.preheader.i.preheader.preheader ]" [QIO/QIO.h:65->QIO/QIO_accel.cpp:64]   --->   Operation 40 'phi' 'i1_0_i' <Predicate = true> <Delay = 0.00>
ST_4 : Operation 41 [1/1] (0.00ns)   --->   "%j_0_i = phi i7 [ %j, %axis2type_loop3 ], [ 0, %.preheader.i.preheader.preheader ]"   --->   Operation 41 'phi' 'j_0_i' <Predicate = true> <Delay = 0.00>
ST_4 : Operation 42 [1/1] (2.09ns)   --->   "%icmp_ln59 = icmp eq i13 %indvar_flatten, -4096" [QIO/QIO.h:59->QIO/QIO_accel.cpp:64]   --->   Operation 42 'icmp' 'icmp_ln59' <Predicate = true> <Delay = 2.09> <Core = "Cmp">   --->   Core 25 'Cmp' <Latency = 0> <II = 1> <Delay = 1.48> <FuncUnit> <Opcode : 'icmp'> <InPorts = 2> <OutPorts = 1>
ST_4 : Operation 43 [1/1] (1.67ns)   --->   "%add_ln59 = add i13 %indvar_flatten, 1" [QIO/QIO.h:59->QIO/QIO_accel.cpp:64]   --->   Operation 43 'add' 'add_ln59' <Predicate = true> <Delay = 1.67> <Core = "AddSub">   --->   Core 14 'AddSub' <Latency = 0> <II = 1> <Delay = 1.87> <FuncUnit> <Opcode : 'add' 'sub'> <InPorts = 2> <OutPorts = 1>
ST_4 : Operation 44 [1/1] (0.00ns)   --->   "br i1 %icmp_ln59, label %"axis2type<int>.exit", label %axis2type_loop3" [QIO/QIO.h:59->QIO/QIO_accel.cpp:64]   --->   Operation 44 'br' <Predicate = true> <Delay = 0.00>
ST_4 : Operation 45 [1/1] (1.87ns)   --->   "%i_4 = add i7 %i1_0_i, 1" [QIO/QIO.h:59->QIO/QIO_accel.cpp:64]   --->   Operation 45 'add' 'i_4' <Predicate = (!icmp_ln59)> <Delay = 1.87> <Core = "AddSub">   --->   Core 14 'AddSub' <Latency = 0> <II = 1> <Delay = 1.87> <FuncUnit> <Opcode : 'add' 'sub'> <InPorts = 2> <OutPorts = 1>
ST_4 : Operation 46 [1/1] (0.00ns)   --->   "call void (...)* @_ssdm_op_SpecLoopName([32 x i8]* @axis2type_loop2_axis)"   --->   Operation 46 'specloopname' <Predicate = (!icmp_ln59)> <Delay = 0.00>
ST_4 : Operation 47 [1/1] (0.00ns)   --->   "%empty_37 = call i32 (...)* @_ssdm_op_SpecLoopTripCount(i64 4096, i64 4096, i64 4096)"   --->   Operation 47 'speclooptripcount' 'empty_37' <Predicate = (!icmp_ln59)> <Delay = 0.00>
ST_4 : Operation 48 [1/1] (1.48ns)   --->   "%icmp_ln61 = icmp eq i7 %j_0_i, -64" [QIO/QIO.h:61->QIO/QIO_accel.cpp:64]   --->   Operation 48 'icmp' 'icmp_ln61' <Predicate = (!icmp_ln59)> <Delay = 1.48> <Core = "Cmp">   --->   Core 25 'Cmp' <Latency = 0> <II = 1> <Delay = 1.48> <FuncUnit> <Opcode : 'icmp'> <InPorts = 2> <OutPorts = 1>
ST_4 : Operation 49 [1/1] (0.99ns)   --->   "%select_ln65 = select i1 %icmp_ln61, i7 0, i7 %j_0_i" [QIO/QIO.h:65->QIO/QIO_accel.cpp:64]   --->   Operation 49 'select' 'select_ln65' <Predicate = (!icmp_ln59)> <Delay = 0.99> <Core = "Sel">   --->   Core 26 'Sel' <Latency = 0> <II = 1> <Delay = 0.99> <FuncUnit> <Opcode : 'select'> <InPorts = 3> <OutPorts = 1>
ST_4 : Operation 50 [1/1] (0.99ns)   --->   "%select_ln65_1 = select i1 %icmp_ln61, i7 %i_4, i7 %i1_0_i" [QIO/QIO.h:65->QIO/QIO_accel.cpp:64]   --->   Operation 50 'select' 'select_ln65_1' <Predicate = (!icmp_ln59)> <Delay = 0.99> <Core = "Sel">   --->   Core 26 'Sel' <Latency = 0> <II = 1> <Delay = 0.99> <FuncUnit> <Opcode : 'select'> <InPorts = 3> <OutPorts = 1>
ST_4 : Operation 51 [1/1] (0.00ns)   --->   "%tmp_s = call i13 @_ssdm_op_BitConcatenate.i13.i7.i6(i7 %select_ln65_1, i6 0)" [QIO/QIO.h:65->QIO/QIO_accel.cpp:64]   --->   Operation 51 'bitconcatenate' 'tmp_s' <Predicate = (!icmp_ln59)> <Delay = 0.00>
ST_4 : Operation 52 [1/1] (0.00ns)   --->   "%zext_ln61 = zext i13 %tmp_s to i14" [QIO/QIO.h:61->QIO/QIO_accel.cpp:64]   --->   Operation 52 'zext' 'zext_ln61' <Predicate = (!icmp_ln59)> <Delay = 0.00>
ST_4 : Operation 53 [1/1] (0.00ns)   --->   "call void (...)* @_ssdm_op_SpecLoopName([16 x i8]* @p_str13) nounwind" [QIO/QIO.h:61->QIO/QIO_accel.cpp:64]   --->   Operation 53 'specloopname' <Predicate = (!icmp_ln59)> <Delay = 0.00>
ST_4 : Operation 54 [1/1] (0.00ns)   --->   "%tmp_3 = call i32 (...)* @_ssdm_op_SpecRegionBegin([16 x i8]* @p_str13)" [QIO/QIO.h:61->QIO/QIO_accel.cpp:64]   --->   Operation 54 'specregionbegin' 'tmp_3' <Predicate = (!icmp_ln59)> <Delay = 0.00>
ST_4 : Operation 55 [1/1] (0.00ns)   --->   "call void (...)* @_ssdm_op_SpecPipeline(i32 -1, i32 1, i32 1, i32 0, [1 x i8]* @p_str2) nounwind" [QIO/QIO.h:62->QIO/QIO_accel.cpp:64]   --->   Operation 55 'specpipeline' <Predicate = (!icmp_ln59)> <Delay = 0.00>
ST_4 : Operation 56 [1/1] (0.00ns)   --->   "%empty_38 = call { i32, i1 } @_ssdm_op_Read.axis.volatile.i32P.i1P(i32* %input_data_V, i1* %input_last_V)" [QIO/QIO_accel.cpp:55]   --->   Operation 56 'read' 'empty_38' <Predicate = (!icmp_ln59)> <Delay = 0.00> <Core = "AXI4Stream">   --->   Core 5 'AXI4Stream' <Latency = 0> <II = 1> <Delay = 1.00> <Adapter> <Opcode : >
ST_4 : Operation 57 [1/1] (0.00ns)   --->   "%input_data_V_val4 = extractvalue { i32, i1 } %empty_38, 0" [QIO/QIO_accel.cpp:55]   --->   Operation 57 'extractvalue' 'input_data_V_val4' <Predicate = (!icmp_ln59)> <Delay = 0.00>
ST_4 : Operation 58 [1/1] (0.00ns)   --->   "%bitcast_ln65 = bitcast i32 %input_data_V_val4 to float" [QIO/QIO.h:65->QIO/QIO_accel.cpp:64]   --->   Operation 58 'bitcast' 'bitcast_ln65' <Predicate = (!icmp_ln59)> <Delay = 0.00>
ST_4 : Operation 59 [1/1] (0.00ns)   --->   "%zext_ln65 = zext i7 %select_ln65 to i14" [QIO/QIO.h:65->QIO/QIO_accel.cpp:64]   --->   Operation 59 'zext' 'zext_ln65' <Predicate = (!icmp_ln59)> <Delay = 0.00>
ST_4 : Operation 60 [1/1] (1.67ns)   --->   "%add_ln65 = add i14 %zext_ln65, %zext_ln61" [QIO/QIO.h:65->QIO/QIO_accel.cpp:64]   --->   Operation 60 'add' 'add_ln65' <Predicate = (!icmp_ln59)> <Delay = 1.67> <Core = "AddSub">   --->   Core 14 'AddSub' <Latency = 0> <II = 1> <Delay = 1.87> <FuncUnit> <Opcode : 'add' 'sub'> <InPorts = 2> <OutPorts = 1>
ST_4 : Operation 61 [1/1] (0.00ns)   --->   "%zext_ln65_1 = zext i14 %add_ln65 to i64" [QIO/QIO.h:65->QIO/QIO_accel.cpp:64]   --->   Operation 61 'zext' 'zext_ln65_1' <Predicate = (!icmp_ln59)> <Delay = 0.00>
ST_4 : Operation 62 [1/1] (0.00ns)   --->   "%coef_list_addr = getelementptr [4096 x float]* %coef_list, i64 0, i64 %zext_ln65_1" [QIO/QIO.h:65->QIO/QIO_accel.cpp:64]   --->   Operation 62 'getelementptr' 'coef_list_addr' <Predicate = (!icmp_ln59)> <Delay = 0.00>
ST_4 : Operation 63 [1/1] (3.25ns)   --->   "store float %bitcast_ln65, float* %coef_list_addr, align 4" [QIO/QIO.h:65->QIO/QIO_accel.cpp:64]   --->   Operation 63 'store' <Predicate = (!icmp_ln59)> <Delay = 3.25> <Core = "RAM">   --->   Core 37 'RAM' <Latency = 1> <II = 1> <Delay = 3.25> <Storage> <Opcode : 'load' 'store'> <Ports = 2> <Width = 32> <Depth = 64> <RAM>
ST_4 : Operation 64 [1/1] (0.00ns)   --->   "%empty_39 = call i32 (...)* @_ssdm_op_SpecRegionEnd([16 x i8]* @p_str13, i32 %tmp_3)" [QIO/QIO.h:66->QIO/QIO_accel.cpp:64]   --->   Operation 64 'specregionend' 'empty_39' <Predicate = (!icmp_ln59)> <Delay = 0.00>
ST_4 : Operation 65 [1/1] (1.87ns)   --->   "%j = add i7 %select_ln65, 1" [QIO/QIO.h:61->QIO/QIO_accel.cpp:64]   --->   Operation 65 'add' 'j' <Predicate = (!icmp_ln59)> <Delay = 1.87> <Core = "AddSub">   --->   Core 14 'AddSub' <Latency = 0> <II = 1> <Delay = 1.87> <FuncUnit> <Opcode : 'add' 'sub'> <InPorts = 2> <OutPorts = 1>
ST_4 : Operation 66 [1/1] (0.00ns)   --->   "br label %.preheader.i.preheader"   --->   Operation 66 'br' <Predicate = (!icmp_ln59)> <Delay = 0.00>

State 5 <SV = 4> <Delay = 0.00>
ST_5 : Operation 67 [2/2] (0.00ns)   --->   "call fastcc void @"QIO_accel_hw<int>"([64 x i32]* %init_val, [4096 x float]* %coef_list, [64 x i32]* %final_val)" [QIO/QIO_accel.cpp:65]   --->   Operation 67 'call' <Predicate = true> <Delay = 0.00> <CoreType = "Generic">   --->   Core 0 '' <Latency = 0> <II = 1> <Delay = 1.00> <Generic> <Opcode : >

State 6 <SV = 5> <Delay = 1.76>
ST_6 : Operation 68 [1/2] (0.00ns)   --->   "call fastcc void @"QIO_accel_hw<int>"([64 x i32]* %init_val, [4096 x float]* %coef_list, [64 x i32]* %final_val)" [QIO/QIO_accel.cpp:65]   --->   Operation 68 'call' <Predicate = true> <Delay = 0.00> <CoreType = "Generic">   --->   Core 0 '' <Latency = 0> <II = 1> <Delay = 1.00> <Generic> <Opcode : >
ST_6 : Operation 69 [1/1] (1.76ns)   --->   "br label %2" [QIO/QIO.h:77->QIO/QIO_accel.cpp:66]   --->   Operation 69 'br' <Predicate = true> <Delay = 1.76>

State 7 <SV = 6> <Delay = 3.25>
ST_7 : Operation 70 [1/1] (0.00ns)   --->   "%i_0_i1 = phi i7 [ 0, %"axis2type<int>.exit" ], [ %i_5, %type2axis_loop1 ]"   --->   Operation 70 'phi' 'i_0_i1' <Predicate = true> <Delay = 0.00>
ST_7 : Operation 71 [1/1] (1.48ns)   --->   "%icmp_ln77 = icmp eq i7 %i_0_i1, -64" [QIO/QIO.h:77->QIO/QIO_accel.cpp:66]   --->   Operation 71 'icmp' 'icmp_ln77' <Predicate = true> <Delay = 1.48> <Core = "Cmp">   --->   Core 25 'Cmp' <Latency = 0> <II = 1> <Delay = 1.48> <FuncUnit> <Opcode : 'icmp'> <InPorts = 2> <OutPorts = 1>
ST_7 : Operation 72 [1/1] (0.00ns)   --->   "%empty_40 = call i32 (...)* @_ssdm_op_SpecLoopTripCount(i64 64, i64 64, i64 64)"   --->   Operation 72 'speclooptripcount' 'empty_40' <Predicate = true> <Delay = 0.00>
ST_7 : Operation 73 [1/1] (1.87ns)   --->   "%i_5 = add i7 %i_0_i1, 1" [QIO/QIO.h:77->QIO/QIO_accel.cpp:66]   --->   Operation 73 'add' 'i_5' <Predicate = true> <Delay = 1.87> <Core = "AddSub">   --->   Core 14 'AddSub' <Latency = 0> <II = 1> <Delay = 1.87> <FuncUnit> <Opcode : 'add' 'sub'> <InPorts = 2> <OutPorts = 1>
ST_7 : Operation 74 [1/1] (0.00ns)   --->   "br i1 %icmp_ln77, label %"type2axis<int>.exit", label %type2axis_loop1" [QIO/QIO.h:77->QIO/QIO_accel.cpp:66]   --->   Operation 74 'br' <Predicate = true> <Delay = 0.00>
ST_7 : Operation 75 [1/1] (1.48ns)   --->   "%icmp_ln81 = icmp eq i7 %i_0_i1, 63" [QIO/QIO.h:81->QIO/QIO_accel.cpp:66]   --->   Operation 75 'icmp' 'icmp_ln81' <Predicate = (!icmp_ln77)> <Delay = 1.48> <Core = "Cmp">   --->   Core 25 'Cmp' <Latency = 0> <II = 1> <Delay = 1.48> <FuncUnit> <Opcode : 'icmp'> <InPorts = 2> <OutPorts = 1>
ST_7 : Operation 76 [1/1] (0.00ns)   --->   "%zext_ln84 = zext i7 %i_0_i1 to i64" [QIO/QIO.h:84->QIO/QIO_accel.cpp:66]   --->   Operation 76 'zext' 'zext_ln84' <Predicate = (!icmp_ln77)> <Delay = 0.00>
ST_7 : Operation 77 [1/1] (0.00ns)   --->   "%final_val_addr = getelementptr inbounds [64 x i32]* %final_val, i64 0, i64 %zext_ln84" [QIO/QIO.h:85->QIO/QIO_accel.cpp:66]   --->   Operation 77 'getelementptr' 'final_val_addr' <Predicate = (!icmp_ln77)> <Delay = 0.00>
ST_7 : Operation 78 [2/2] (3.25ns)   --->   "%final_val_load = load i32* %final_val_addr, align 4" [QIO/QIO.h:85->QIO/QIO_accel.cpp:66]   --->   Operation 78 'load' 'final_val_load' <Predicate = (!icmp_ln77)> <Delay = 3.25> <Core = "RAM">   --->   Core 37 'RAM' <Latency = 1> <II = 1> <Delay = 3.25> <Storage> <Opcode : 'load' 'store'> <Ports = 2> <Width = 32> <Depth = 64> <RAM>

State 8 <SV = 7> <Delay = 3.25>
ST_8 : Operation 79 [1/2] (3.25ns)   --->   "%final_val_load = load i32* %final_val_addr, align 4" [QIO/QIO.h:85->QIO/QIO_accel.cpp:66]   --->   Operation 79 'load' 'final_val_load' <Predicate = (!icmp_ln77)> <Delay = 3.25> <Core = "RAM">   --->   Core 37 'RAM' <Latency = 1> <II = 1> <Delay = 3.25> <Storage> <Opcode : 'load' 'store'> <Ports = 2> <Width = 32> <Depth = 64> <RAM>
ST_8 : Operation 80 [2/2] (0.00ns)   --->   "call void @_ssdm_op_Write.axis.volatile.i32P.i1P(i32* %output_data_V, i1* %output_last_V, i32 %final_val_load, i1 %icmp_ln81)" [QIO/QIO_accel.cpp:55]   --->   Operation 80 'write' <Predicate = (!icmp_ln77)> <Delay = 0.00> <Core = "AXI4Stream">   --->   Core 5 'AXI4Stream' <Latency = 0> <II = 1> <Delay = 1.00> <Adapter> <Opcode : >

State 9 <SV = 8> <Delay = 0.00>
ST_9 : Operation 81 [1/1] (0.00ns)   --->   "call void (...)* @_ssdm_op_SpecLoopName([16 x i8]* @p_str4) nounwind" [QIO/QIO.h:77->QIO/QIO_accel.cpp:66]   --->   Operation 81 'specloopname' <Predicate = (!icmp_ln77)> <Delay = 0.00>
ST_9 : Operation 82 [1/1] (0.00ns)   --->   "%tmp_2 = call i32 (...)* @_ssdm_op_SpecRegionBegin([16 x i8]* @p_str4)" [QIO/QIO.h:77->QIO/QIO_accel.cpp:66]   --->   Operation 82 'specregionbegin' 'tmp_2' <Predicate = (!icmp_ln77)> <Delay = 0.00>
ST_9 : Operation 83 [1/1] (0.00ns)   --->   "call void (...)* @_ssdm_op_SpecPipeline(i32 -1, i32 1, i32 1, i32 0, [1 x i8]* @p_str2) nounwind" [QIO/QIO.h:78->QIO/QIO_accel.cpp:66]   --->   Operation 83 'specpipeline' <Predicate = (!icmp_ln77)> <Delay = 0.00>
ST_9 : Operation 84 [1/2] (0.00ns)   --->   "call void @_ssdm_op_Write.axis.volatile.i32P.i1P(i32* %output_data_V, i1* %output_last_V, i32 %final_val_load, i1 %icmp_ln81)" [QIO/QIO_accel.cpp:55]   --->   Operation 84 'write' <Predicate = (!icmp_ln77)> <Delay = 0.00> <Core = "AXI4Stream">   --->   Core 5 'AXI4Stream' <Latency = 0> <II = 1> <Delay = 1.00> <Adapter> <Opcode : >
ST_9 : Operation 85 [1/1] (0.00ns)   --->   "%empty_41 = call i32 (...)* @_ssdm_op_SpecRegionEnd([16 x i8]* @p_str4, i32 %tmp_2)" [QIO/QIO.h:87->QIO/QIO_accel.cpp:66]   --->   Operation 85 'specregionend' 'empty_41' <Predicate = (!icmp_ln77)> <Delay = 0.00>
ST_9 : Operation 86 [1/1] (0.00ns)   --->   "br label %2" [QIO/QIO.h:77->QIO/QIO_accel.cpp:66]   --->   Operation 86 'br' <Predicate = (!icmp_ln77)> <Delay = 0.00>

State 10 <SV = 7> <Delay = 0.00>
ST_10 : Operation 87 [1/1] (0.00ns)   --->   "ret void" [QIO/QIO_accel.cpp:67]   --->   Operation 87 'ret' <Predicate = true> <Delay = 0.00>


============================================================
+ Verbose Summary: Timing violations
============================================================
Target clock period: 10ns, clock uncertainty: 1.25ns.

 <State 1>: 1.77ns
The critical path consists of the following:
	multiplexor before 'phi' operation ('i') with incoming values : ('i', QIO/QIO.h:53->QIO/QIO_accel.cpp:64) [22]  (1.77 ns)

 <State 2>: 3.25ns
The critical path consists of the following:
	'phi' operation ('i') with incoming values : ('i', QIO/QIO.h:53->QIO/QIO_accel.cpp:64) [22]  (0 ns)
	'getelementptr' operation ('init_val_addr', QIO/QIO.h:56->QIO/QIO_accel.cpp:64) [34]  (0 ns)
	'store' operation ('store_ln56', QIO/QIO.h:56->QIO/QIO_accel.cpp:64) of variable 'input_data_V_val', QIO/QIO_accel.cpp:55 on array 'init_val', QIO/QIO_accel.cpp:62 [35]  (3.25 ns)

 <State 3>: 1.77ns
The critical path consists of the following:
	multiplexor before 'phi' operation ('indvar_flatten', QIO/QIO.h:59->QIO/QIO_accel.cpp:64) with incoming values : ('add_ln59', QIO/QIO.h:59->QIO/QIO_accel.cpp:64) [41]  (1.77 ns)

 <State 4>: 7.8ns
The critical path consists of the following:
	'phi' operation ('i1_0_i', QIO/QIO.h:65->QIO/QIO_accel.cpp:64) with incoming values : ('select_ln65_1', QIO/QIO.h:65->QIO/QIO_accel.cpp:64) [42]  (0 ns)
	'add' operation ('i', QIO/QIO.h:59->QIO/QIO_accel.cpp:64) [48]  (1.87 ns)
	'select' operation ('select_ln65_1', QIO/QIO.h:65->QIO/QIO_accel.cpp:64) [53]  (0.993 ns)
	'add' operation ('add_ln65', QIO/QIO.h:65->QIO/QIO_accel.cpp:64) [63]  (1.68 ns)
	'getelementptr' operation ('coef_list_addr', QIO/QIO.h:65->QIO/QIO_accel.cpp:64) [65]  (0 ns)
	'store' operation ('store_ln65', QIO/QIO.h:65->QIO/QIO_accel.cpp:64) of variable 'bitcast_ln65', QIO/QIO.h:65->QIO/QIO_accel.cpp:64 on array 'coef_list', QIO/QIO_accel.cpp:60 [66]  (3.25 ns)

 <State 5>: 0ns
The critical path consists of the following:

 <State 6>: 1.77ns
The critical path consists of the following:
	multiplexor before 'phi' operation ('i') with incoming values : ('i', QIO/QIO.h:77->QIO/QIO_accel.cpp:66) [74]  (1.77 ns)

 <State 7>: 3.25ns
The critical path consists of the following:
	'phi' operation ('i') with incoming values : ('i', QIO/QIO.h:77->QIO/QIO_accel.cpp:66) [74]  (0 ns)
	'getelementptr' operation ('final_val_addr', QIO/QIO.h:85->QIO/QIO_accel.cpp:66) [85]  (0 ns)
	'load' operation ('val', QIO/QIO.h:85->QIO/QIO_accel.cpp:66) on array 'final_val' [86]  (3.25 ns)

 <State 8>: 3.25ns
The critical path consists of the following:
	'load' operation ('val', QIO/QIO.h:85->QIO/QIO_accel.cpp:66) on array 'final_val' [86]  (3.25 ns)

 <State 9>: 0ns
The critical path consists of the following:

 <State 10>: 0ns
The critical path consists of the following:


============================================================
+ Verbose Summary: Binding
============================================================
N/A
* FSMD analyzer results:
  - Output states:
 - Input state : 
  - Chain level:
	State 1
	State 2
	State 3
	State 4
	State 5
	State 6
	State 7
	State 8
	State 9
	State 10


============================================================
+ Verbose Summary: Datapath Resource usage 
============================================================
N/A
