

================================================================
== Vivado HLS Report for 'QIO_accel_hw_int_s'
================================================================
* Date:           Thu Jan 28 19:04:08 2021

* Version:        2020.1 (Build 2897737 on Wed May 27 20:21:37 MDT 2020)
* Project:        QIO
* Solution:       solution2
* Product family: zynq
* Target device:  xc7z020-clg400-1


================================================================
== Performance Estimates
================================================================
+ Timing: 
    * Summary: 
    +--------+----------+----------+------------+
    |  Clock |  Target  | Estimated| Uncertainty|
    +--------+----------+----------+------------+
    |ap_clk  | 10.00 ns | 8.621 ns |   1.25 ns  |
    +--------+----------+----------+------------+

+ Latency: 
    * Summary: 
    +------------+------------+------------+------------+------------+------------+---------+
    |     Latency (cycles)    |    Latency (absolute)   |         Interval        | Pipeline|
    |     min    |     max    |     min    |     max    |     min    |     max    |   Type  |
    +------------+------------+------------+------------+------------+------------+---------+
    |  8543650517|  8543650517| 85.437 sec | 85.437 sec |  8543650517|  8543650517|   none  |
    +------------+------------+------------+------------+------------+------------+---------+

    + Detail: 
        * Instance: 
        +---------------------------------+----------------------+---------+---------+----------+----------+-----+-----+---------+
        |                                 |                      |  Latency (cycles) |  Latency (absolute) |  Interval | Pipeline|
        |             Instance            |        Module        |   min   |   max   |    min   |    max   | min | max |   Type  |
        +---------------------------------+----------------------+---------+---------+----------+----------+-----+-----+---------+
        |grp_Galois_LFSR_32_33_hw_fu_477  |Galois_LFSR_32_33_hw  |        0|        0|   0 ns   |   0 ns   |    0|    0|   none  |
        +---------------------------------+----------------------+---------+---------+----------+----------+-----+-----+---------+

        * Loop: 
        +----------------+------------+------------+----------+-----------+-----------+-------+----------+
        |                |     Latency (cycles)    | Iteration|  Initiation Interval  |  Trip |          |
        |    Loop Name   |     min    |     max    |  Latency |  achieved |   target  | Count | Pipelined|
        +----------------+------------+------------+----------+-----------+-----------+-------+----------+
        |- QIO_hw_loop1  |         256|         256|         2|          1|          1|    256|    yes   |
        |- QIO_hw_loop2  |  8543650000|  8543650000|    854365|          -|          -|  10000|    no    |
        | + QIO_loop1    |      854272|      854272|      3337|          -|          -|    256|    no    |
        |  ++ QIO_loop2  |        3328|        3328|        26|          -|          -|    128|    no    |
        |- QIO_hw_loop3  |         256|         256|         2|          1|          1|    256|    yes   |
        +----------------+------------+------------+----------+-----------+-----------+-------+----------+



================================================================
== Utilization Estimates
================================================================
* Summary: 
+-----------------+---------+-------+--------+-------+-----+
|       Name      | BRAM_18K| DSP48E|   FF   |  LUT  | URAM|
+-----------------+---------+-------+--------+-------+-----+
|DSP              |        -|      -|       -|      -|    -|
|Expression       |        -|      -|       0|   2846|    -|
|FIFO             |        -|      -|       -|      -|    -|
|Instance         |        -|     30|   10072|  13616|    -|
|Memory           |        5|      -|       0|      0|    0|
|Multiplexer      |        -|      -|       -|   1055|    -|
|Register         |        -|      -|    1741|      -|    -|
+-----------------+---------+-------+--------+-------+-----+
|Total            |        5|     30|   11813|  17517|    0|
+-----------------+---------+-------+--------+-------+-----+
|Available        |      280|    220|  106400|  53200|    0|
+-----------------+---------+-------+--------+-------+-----+
|Utilization (%)  |        1|     13|      11|     32|    0|
+-----------------+---------+-------+--------+-------+-----+

+ Detail: 
    * Instance: 
    +---------------------------------+----------------------+---------+-------+------+------+-----+
    |             Instance            |        Module        | BRAM_18K| DSP48E|  FF  |  LUT | URAM|
    +---------------------------------+----------------------+---------+-------+------+------+-----+
    |grp_Galois_LFSR_32_33_hw_fu_477  |Galois_LFSR_32_33_hw  |        0|      0|    66|   204|    0|
    |QIO_accel_ddiv_64lbW_U13         |QIO_accel_ddiv_64lbW  |        0|      0|  3211|  3658|    0|
    |QIO_accel_ddiv_64lbW_U14         |QIO_accel_ddiv_64lbW  |        0|      0|  3211|  3658|    0|
    |QIO_accel_dmul_64kbM_U11         |QIO_accel_dmul_64kbM  |        0|     11|   317|   578|    0|
    |QIO_accel_dmul_64kbM_U12         |QIO_accel_dmul_64kbM  |        0|     11|   317|   578|    0|
    |QIO_accel_fadd_32eOg_U3          |QIO_accel_fadd_32eOg  |        0|      2|   205|   390|    0|
    |QIO_accel_fcmp_32jbC_U10         |QIO_accel_fcmp_32jbC  |        0|      0|    66|   239|    0|
    |QIO_accel_fdiv_32g8j_U6          |QIO_accel_fdiv_32g8j  |        0|      0|   761|   994|    0|
    |QIO_accel_fmul_32fYi_U4          |QIO_accel_fmul_32fYi  |        0|      3|   143|   321|    0|
    |QIO_accel_fmul_32fYi_U5          |QIO_accel_fmul_32fYi  |        0|      3|   143|   321|    0|
    |QIO_accel_fptruncibs_U9          |QIO_accel_fptruncibs  |        0|      0|   128|   277|    0|
    |QIO_accel_sitofp_hbi_U7          |QIO_accel_sitofp_hbi  |        0|      0|   340|   554|    0|
    |QIO_accel_sitofp_hbi_U8          |QIO_accel_sitofp_hbi  |        0|      0|   340|   554|    0|
    |QIO_accel_uitodp_mb6_U15         |QIO_accel_uitodp_mb6  |        0|      0|   412|   645|    0|
    |QIO_accel_uitodp_mb6_U16         |QIO_accel_uitodp_mb6  |        0|      0|   412|   645|    0|
    +---------------------------------+----------------------+---------+-------+------+------+-----+
    |Total                            |                      |        0|     30| 10072| 13616|    0|
    +---------------------------------+----------------------+---------+-------+------+------+-----+

    * DSP48E: 
    N/A

    * Memory: 
    +-----------------+----------------------+---------+---+----+-----+------+-----+------+-------------+
    |      Memory     |        Module        | BRAM_18K| FF| LUT| URAM| Words| Bits| Banks| W*Bits*Banks|
    +-----------------+----------------------+---------+---+----+-----+------+-----+------+-------------+
    |current_val_0_U  |QIO_accel_hw_int_bkb  |        2|  0|   0|    0|   128|   32|     1|         4096|
    |current_val_1_U  |QIO_accel_hw_int_bkb  |        2|  0|   0|    0|   128|   32|     1|         4096|
    |new_val_U        |QIO_accel_hw_int_dEe  |        1|  0|   0|    0|   256|   32|     1|         8192|
    +-----------------+----------------------+---------+---+----+-----+------+-----+------+-------------+
    |Total            |                      |        5|  0|   0|    0|   512|   96|     3|        16384|
    +-----------------+----------------------+---------+---+----+-----+------+-----+------+-------------+

    * FIFO: 
    N/A

    * Expression: 
    +-----------------------------+----------+-------+---+-----+------------+------------+
    |        Variable Name        | Operation| DSP48E| FF| LUT | Bitwidth P0| Bitwidth P1|
    +-----------------------------+----------+-------+---+-----+------------+------------+
    |add_ln37_fu_1036_p2          |     +    |      0|  0|   39|          32|          32|
    |add_ln502_1_fu_829_p2        |     +    |      0|  0|   12|          11|          12|
    |add_ln502_2_fu_930_p2        |     +    |      0|  0|   12|          11|          12|
    |add_ln502_fu_657_p2          |     +    |      0|  0|   12|          11|          12|
    |add_ln50_fu_1170_p2          |     +    |      0|  0|   15|           2|           9|
    |add_ln51_fu_1129_p2          |     +    |      0|  0|   23|          16|          16|
    |i_1_fu_1306_p2               |     +    |      0|  0|   15|           9|           1|
    |i_2_fu_1047_p2               |     +    |      0|  0|   15|           9|           1|
    |i_3_fu_630_p2                |     +    |      0|  0|   19|          14|           1|
    |i_fu_583_p2                  |     +    |      0|  0|   15|           9|           1|
    |sub_ln1311_1_fu_843_p2       |     -    |      0|  0|   13|          10|          11|
    |sub_ln1311_2_fu_944_p2       |     -    |      0|  0|   13|          10|          11|
    |sub_ln1311_fu_671_p2         |     -    |      0|  0|   13|          10|          11|
    |sub_ln40_fu_1031_p2          |     -    |      0|  0|   39|          32|          32|
    |and_ln58_1_fu_1289_p2        |    and   |      0|  0|    2|           1|           1|
    |and_ln58_fu_1283_p2          |    and   |      0|  0|    2|           1|           1|
    |icmp_ln17_fu_577_p2          |   icmp   |      0|  0|   13|           9|          10|
    |icmp_ln18_fu_608_p2          |   icmp   |      0|  0|    8|           2|           1|
    |icmp_ln22_fu_624_p2          |   icmp   |      0|  0|   13|          14|          14|
    |icmp_ln36_fu_1015_p2         |   icmp   |      0|  0|   18|          32|           1|
    |icmp_ln37_fu_807_p2          |   icmp   |      0|  0|   18|          25|           1|
    |icmp_ln47_fu_1041_p2         |   icmp   |      0|  0|   13|           9|          10|
    |icmp_ln48_fu_1073_p2         |   icmp   |      0|  0|    8|           2|           1|
    |icmp_ln50_fu_1097_p2         |   icmp   |      0|  0|   13|           9|          10|
    |icmp_ln51_fu_1144_p2         |   icmp   |      0|  0|    8|           2|           1|
    |icmp_ln58_1_fu_1257_p2       |   icmp   |      0|  0|   18|          23|           1|
    |icmp_ln58_2_fu_1263_p2       |   icmp   |      0|  0|   11|           8|           2|
    |icmp_ln58_3_fu_1269_p2       |   icmp   |      0|  0|   18|          23|           1|
    |icmp_ln58_fu_1251_p2         |   icmp   |      0|  0|   11|           8|           2|
    |icmp_ln64_fu_1300_p2         |   icmp   |      0|  0|   13|           9|          10|
    |icmp_ln66_fu_1337_p2         |   icmp   |      0|  0|    8|           2|           1|
    |r_V_3_fu_872_p2              |   lshr   |      0|  0|  162|          54|          54|
    |r_V_5_fu_973_p2              |   lshr   |      0|  0|  162|          54|          54|
    |r_V_fu_712_p2                |   lshr   |      0|  0|  162|          54|          54|
    |or_ln50_fu_1181_p2           |    or    |      0|  0|    8|           8|           1|
    |or_ln51_fu_1113_p2           |    or    |      0|  0|    7|           7|           1|
    |or_ln58_1_fu_1279_p2         |    or    |      0|  0|    2|           1|           1|
    |or_ln58_fu_1275_p2           |    or    |      0|  0|    2|           1|           1|
    |current_val_cash_fu_1079_p3  |  select  |      0|  0|   32|           1|          32|
    |final_val_d0                 |  select  |      0|  0|   32|           1|          32|
    |r_V_7_fu_728_p3              |  select  |      0|  0|  137|           1|         137|
    |select_ln37_fu_1024_p3       |  select  |      0|  0|   32|           1|          32|
    |select_ln48_1_fu_1206_p3     |  select  |      0|  0|   32|           1|          32|
    |select_ln48_fu_1199_p3       |  select  |      0|  0|   32|           1|          32|
    |select_ln51_1_fu_1162_p3     |  select  |      0|  0|   32|           1|          32|
    |select_ln51_fu_1150_p3       |  select  |      0|  0|   32|           1|          32|
    |ush_1_fu_852_p3              |  select  |      0|  0|   12|           1|          12|
    |ush_2_fu_953_p3              |  select  |      0|  0|   12|           1|          12|
    |ush_fu_680_p3                |  select  |      0|  0|   12|           1|          12|
    |val_V_1_fu_906_p3            |  select  |      0|  0|   32|           1|          32|
    |val_V_2_fu_1007_p3           |  select  |      0|  0|   32|           1|          32|
    |r_V_1_fu_722_p2              |    shl   |      0|  0|  474|         137|         137|
    |r_V_4_fu_878_p2              |    shl   |      0|  0|  474|         137|         137|
    |r_V_6_fu_979_p2              |    shl   |      0|  0|  474|         137|         137|
    |ap_enable_pp0                |    xor   |      0|  0|    2|           1|           2|
    |ap_enable_pp1                |    xor   |      0|  0|    2|           1|           2|
    |ap_enable_reg_pp0_iter1      |    xor   |      0|  0|    2|           2|           1|
    |ap_enable_reg_pp1_iter1      |    xor   |      0|  0|    2|           2|           1|
    +-----------------------------+----------+-------+---+-----+------------+------------+
    |Total                        |          |      0|  0| 2846|         974|        1274|
    +-----------------------------+----------+-------+---+-----+------------+------------+

    * Multiplexer: 
    +-----------------------------------------+-----+-----------+-----+-----------+
    |                   Name                  | LUT | Input Size| Bits| Total Bits|
    +-----------------------------------------+-----+-----------+-----+-----------+
    |ap_NS_fsm                                |  593|        132|    1|        132|
    |ap_enable_reg_pp0_iter1                  |   15|          3|    1|          3|
    |ap_enable_reg_pp1_iter1                  |   15|          3|    1|          3|
    |ap_phi_mux_i4_0_phi_fu_469_p4            |    9|          2|    9|         18|
    |cost_new2_1_0_reg_441                    |    9|          2|   32|         64|
    |cost_old_1_fu_160                        |    9|          2|   32|         64|
    |cost_old_reg_418                         |    9|          2|   32|         64|
    |current_val_0_address0                   |   27|          5|    7|         35|
    |current_val_0_address1                   |   21|          4|    7|         28|
    |current_val_1_address0                   |   27|          5|    7|         35|
    |current_val_1_address1                   |   21|          4|    7|         28|
    |grp_Galois_LFSR_32_33_hw_fu_477_input_r  |   27|          5|   32|        160|
    |grp_fu_488_p0                            |   15|          3|   32|         96|
    |grp_fu_488_p1                            |   15|          3|   32|         96|
    |grp_fu_493_p0                            |   15|          3|   32|         96|
    |grp_fu_493_p1                            |   15|          3|   32|         96|
    |grp_fu_497_p0                            |   15|          3|   32|         96|
    |grp_fu_497_p1                            |   15|          3|   32|         96|
    |grp_fu_506_p0                            |   15|          3|   32|         96|
    |grp_fu_519_p0                            |   15|          3|   64|        192|
    |grp_fu_519_p1                            |   15|          3|   64|        192|
    |grp_fu_530_p0                            |   21|          4|   64|        256|
    |grp_fu_540_p0                            |   15|          3|   32|         96|
    |i1_0_reg_407                             |    9|          2|   14|         28|
    |i3_0_reg_430                             |    9|          2|    9|         18|
    |i4_0_reg_465                             |    9|          2|    9|         18|
    |i_0_reg_386                              |    9|          2|    9|         18|
    |j_0_0_reg_453                            |    9|          2|    9|         18|
    |new_val_address0                         |   27|          5|    8|         40|
    |new_val_d0                               |   21|          4|   32|        128|
    |rnd_input_0_reg_397                      |    9|          2|   32|         64|
    +-----------------------------------------+-----+-----------+-----+-----------+
    |Total                                    | 1055|        224|  738|       2374|
    +-----------------------------------------+-----+-----------+-----+-----------+

    * Register: 
    +-------------------------------+-----+----+-----+-----------+
    |              Name             |  FF | LUT| Bits| Const Bits|
    +-------------------------------+-----+----+-----+-----------+
    |add_ln50_reg_1621              |    9|   0|    9|          0|
    |add_ln51_reg_1601              |   16|   0|   16|          0|
    |and_ln58_1_reg_1718            |    1|   0|    1|          0|
    |ap_CS_fsm                      |  131|   0|  131|          0|
    |ap_enable_reg_pp0_iter0        |    1|   0|    1|          0|
    |ap_enable_reg_pp0_iter1        |    1|   0|    1|          0|
    |ap_enable_reg_pp1_iter0        |    1|   0|    1|          0|
    |ap_enable_reg_pp1_iter1        |    1|   0|    1|          0|
    |cost_new2_1_0_reg_441          |   32|   0|   32|          0|
    |cost_new_reg_1666              |   32|   0|   32|          0|
    |cost_old_1_fu_160              |   32|   0|   32|          0|
    |cost_old_reg_418               |   32|   0|   32|          0|
    |current_val_0_addr_1_reg_1491  |    7|   0|    7|          0|
    |current_val_1_addr_1_reg_1497  |    7|   0|    7|          0|
    |current_val_cash_reg_1562      |   32|   0|   32|          0|
    |empty_42_reg_1611              |    8|   0|    8|          0|
    |i1_0_reg_407                   |   14|   0|   14|          0|
    |i3_0_reg_430                   |    9|   0|    9|          0|
    |i4_0_reg_465                   |    9|   0|    9|          0|
    |i_0_reg_386                    |    9|   0|    9|          0|
    |i_1_reg_1731                   |    9|   0|    9|          0|
    |i_2_reg_1534                   |    9|   0|    9|          0|
    |i_3_reg_1401                   |   14|   0|   14|          0|
    |icmp_ln17_reg_1362             |    1|   0|    1|          0|
    |icmp_ln18_reg_1386             |    1|   0|    1|          0|
    |icmp_ln36_reg_1514             |    1|   0|    1|          0|
    |icmp_ln37_reg_1503             |    1|   0|    1|          0|
    |icmp_ln48_reg_1555             |    1|   0|    1|          0|
    |icmp_ln58_1_reg_1703           |    1|   0|    1|          0|
    |icmp_ln58_2_reg_1708           |    1|   0|    1|          0|
    |icmp_ln58_3_reg_1713           |    1|   0|    1|          0|
    |icmp_ln58_reg_1698             |    1|   0|    1|          0|
    |icmp_ln64_reg_1727             |    1|   0|    1|          0|
    |isNeg_reg_1454                 |    1|   0|    1|          0|
    |j_0_0_reg_453                  |    9|   0|    9|          0|
    |random_reg_1686                |   32|   0|   32|          0|
    |reg_546                        |   32|   0|   32|          0|
    |reg_553                        |   64|   0|   64|          0|
    |reg_559                        |   32|   0|   32|          0|
    |reg_565                        |   32|   0|   32|          0|
    |rnd_input_0_reg_397            |   32|   0|   32|          0|
    |rnd_input_reg_1357             |   18|   0|   32|         14|
    |rnd_out_1_reg_1406             |   32|   0|   32|          0|
    |rnd_out_2_reg_1412             |   32|   0|   32|          0|
    |select_ln37_reg_1525           |   32|   0|   32|          0|
    |select_ln48_1_reg_1661         |   32|   0|   32|          0|
    |select_ln48_reg_1656           |   32|   0|   32|          0|
    |select_ln51_1_reg_1616         |   32|   0|   32|          0|
    |select_ln51_reg_1606           |   32|   0|   32|          0|
    |tmp_10_reg_1692                |   32|   0|   32|          0|
    |tmp_12_reg_1572                |   32|   0|   32|          0|
    |tmp_13_1_reg_1631              |   32|   0|   32|          0|
    |tmp_16_reg_1626                |   32|   0|   32|          0|
    |tmp_3_reg_1428                 |   64|   0|   64|          0|
    |tmp_5_reg_1681                 |   64|   0|   64|          0|
    |tmp_6_reg_1418                 |   64|   0|   64|          0|
    |tmp_7_reg_1433                 |   64|   0|   64|          0|
    |tmp_9_reg_1423                 |   64|   0|   64|          0|
    |tmp_V_1_reg_1449               |   52|   0|   52|          0|
    |tmp_V_2_reg_1469               |   11|   0|   11|          0|
    |tmp_V_3_reg_1475               |   52|   0|   52|          0|
    |tmp_V_4_reg_1480               |   11|   0|   11|          0|
    |tmp_V_5_reg_1486               |   52|   0|   52|          0|
    |tmp_V_reg_1443                 |   11|   0|   11|          0|
    |tmp_s_reg_1438                 |   64|   0|   64|          0|
    |trunc_ln18_reg_1381            |    7|   0|    7|          0|
    |trunc_ln48_reg_1539            |    7|   0|    7|          0|
    |ush_reg_1459                   |   12|   0|   12|          0|
    |val_V_1_reg_1508               |   32|   0|   32|          0|
    |val_V_reg_1464                 |   32|   0|   32|          0|
    |zext_ln18_reg_1371             |    9|   0|   64|         55|
    |zext_ln37_reg_1518             |   32|   0|   64|         32|
    |zext_ln48_1_reg_1567           |    7|   0|   16|          9|
    +-------------------------------+-----+----+-----+-----------+
    |Total                          | 1741|   0| 1851|        110|
    +-------------------------------+-----+----+-----+-----------+



================================================================
== Interface
================================================================
* Summary: 
+----------------------+-----+-----+------------+-------------------+--------------+
|       RTL Ports      | Dir | Bits|  Protocol  |   Source Object   |    C Type    |
+----------------------+-----+-----+------------+-------------------+--------------+
|ap_clk                |  in |    1| ap_ctrl_hs | QIO_accel_hw<int> | return value |
|ap_rst                |  in |    1| ap_ctrl_hs | QIO_accel_hw<int> | return value |
|ap_start              |  in |    1| ap_ctrl_hs | QIO_accel_hw<int> | return value |
|ap_done               | out |    1| ap_ctrl_hs | QIO_accel_hw<int> | return value |
|ap_idle               | out |    1| ap_ctrl_hs | QIO_accel_hw<int> | return value |
|ap_ready              | out |    1| ap_ctrl_hs | QIO_accel_hw<int> | return value |
|init_val_address0     | out |    8|  ap_memory |      init_val     |     array    |
|init_val_ce0          | out |    1|  ap_memory |      init_val     |     array    |
|init_val_q0           |  in |   32|  ap_memory |      init_val     |     array    |
|coef_list_0_address0  | out |   15|  ap_memory |    coef_list_0    |     array    |
|coef_list_0_ce0       | out |    1|  ap_memory |    coef_list_0    |     array    |
|coef_list_0_q0        |  in |   32|  ap_memory |    coef_list_0    |     array    |
|coef_list_0_address1  | out |   15|  ap_memory |    coef_list_0    |     array    |
|coef_list_0_ce1       | out |    1|  ap_memory |    coef_list_0    |     array    |
|coef_list_0_q1        |  in |   32|  ap_memory |    coef_list_0    |     array    |
|coef_list_1_address0  | out |   15|  ap_memory |    coef_list_1    |     array    |
|coef_list_1_ce0       | out |    1|  ap_memory |    coef_list_1    |     array    |
|coef_list_1_q0        |  in |   32|  ap_memory |    coef_list_1    |     array    |
|coef_list_1_address1  | out |   15|  ap_memory |    coef_list_1    |     array    |
|coef_list_1_ce1       | out |    1|  ap_memory |    coef_list_1    |     array    |
|coef_list_1_q1        |  in |   32|  ap_memory |    coef_list_1    |     array    |
|seed                  |  in |   32|   ap_none  |        seed       |    scalar    |
|final_val_address0    | out |    8|  ap_memory |     final_val     |     array    |
|final_val_ce0         | out |    1|  ap_memory |     final_val     |     array    |
|final_val_we0         | out |    1|  ap_memory |     final_val     |     array    |
|final_val_d0          | out |   32|  ap_memory |     final_val     |     array    |
+----------------------+-----+-----+------------+-------------------+--------------+

